2025-07-01 21:02:18,938 [INFO] 未指定 --date，使用最近日期 2025-07-01
2025-07-01 21:02:23,174 [INFO] 
2025-07-01 21:02:23,174 [INFO] ============== 选股结果 [少妇战法] ==============
2025-07-01 21:02:23,174 [INFO] 交易日: 2025-07-01
2025-07-01 21:02:23,174 [INFO] 符合条件股票数: 10
2025-07-01 21:02:23,174 [INFO] 600908, 601838, 600919, 601916, 001227, 601860, 600039, 601528, 600928, 002839
2025-07-01 21:02:27,473 [INFO] 
2025-07-01 21:02:27,473 [INFO] ============== 选股结果 [补票战法] ==============
2025-07-01 21:02:27,473 [INFO] 交易日: 2025-07-01
2025-07-01 21:02:27,473 [INFO] 符合条件股票数: 0
2025-07-01 21:02:27,473 [INFO] 无符合条件股票
2025-07-01 21:02:29,287 [INFO] 
2025-07-01 21:02:29,287 [INFO] ============== 选股结果 [TePu战法] ==============
2025-07-01 21:02:29,287 [INFO] 交易日: 2025-07-01
2025-07-01 21:02:29,287 [INFO] 符合条件股票数: 0
2025-07-01 21:02:29,287 [INFO] 无符合条件股票
2025-07-01 21:03:19,908 [INFO] 未指定 --date，使用最近日期 2025-07-01
2025-07-01 21:03:24,094 [INFO] 
2025-07-01 21:03:24,094 [INFO] ============== 选股结果 [少妇战法] ==============
2025-07-01 21:03:24,094 [INFO] 交易日: 2025-07-01
2025-07-01 21:03:24,094 [INFO] 符合条件股票数: 10
2025-07-01 21:03:24,095 [INFO] 600908, 601838, 600919, 601916, 001227, 601860, 600039, 601528, 600928, 002839
2025-07-01 21:03:28,381 [INFO] 
2025-07-01 21:03:28,382 [INFO] ============== 选股结果 [补票战法] ==============
2025-07-01 21:03:28,382 [INFO] 交易日: 2025-07-01
2025-07-01 21:03:28,382 [INFO] 符合条件股票数: 0
2025-07-01 21:03:28,382 [INFO] 无符合条件股票
2025-07-01 21:03:30,209 [INFO] 
2025-07-01 21:03:30,209 [INFO] ============== 选股结果 [TePu战法] ==============
2025-07-01 21:03:30,209 [INFO] 交易日: 2025-07-01
2025-07-01 21:03:30,209 [INFO] 符合条件股票数: 0
2025-07-01 21:03:30,209 [INFO] 无符合条件股票
2025-07-01 21:26:59,841 [INFO] 未指定 --date，使用最近日期 2025-07-01
2025-07-01 21:27:03,884 [INFO] 
2025-07-01 21:27:03,884 [INFO] ============== 选股结果 [少妇战法] ==============
2025-07-01 21:27:03,884 [INFO] 交易日: 2025-07-01
2025-07-01 21:27:03,884 [INFO] 符合条件股票数: 0
2025-07-01 21:27:03,884 [INFO] 无符合条件股票
2025-07-01 21:27:08,230 [INFO] 
2025-07-01 21:27:08,231 [INFO] ============== 选股结果 [补票战法] ==============
2025-07-01 21:27:08,231 [INFO] 交易日: 2025-07-01
2025-07-01 21:27:08,231 [INFO] 符合条件股票数: 0
2025-07-01 21:27:08,231 [INFO] 无符合条件股票
2025-07-01 21:27:10,046 [INFO] 
2025-07-01 21:27:10,046 [INFO] ============== 选股结果 [TePu战法] ==============
2025-07-01 21:27:10,046 [INFO] 交易日: 2025-07-01
2025-07-01 21:27:10,046 [INFO] 符合条件股票数: 0
2025-07-01 21:27:10,046 [INFO] 无符合条件股票
2025-07-01 21:28:16,070 [INFO] 未指定 --date，使用最近日期 2025-07-01
2025-07-01 21:28:20,275 [INFO] 
2025-07-01 21:28:20,275 [INFO] ============== 选股结果 [少妇战法] ==============
2025-07-01 21:28:20,275 [INFO] 交易日: 2025-07-01
2025-07-01 21:28:20,275 [INFO] 符合条件股票数: 0
2025-07-01 21:28:20,275 [INFO] 无符合条件股票
2025-07-01 21:28:24,581 [INFO] 
2025-07-01 21:28:24,581 [INFO] ============== 选股结果 [补票战法] ==============
2025-07-01 21:28:24,581 [INFO] 交易日: 2025-07-01
2025-07-01 21:28:24,581 [INFO] 符合条件股票数: 0
2025-07-01 21:28:24,581 [INFO] 无符合条件股票
2025-07-01 21:28:26,383 [INFO] 
2025-07-01 21:28:26,383 [INFO] ============== 选股结果 [TePu战法] ==============
2025-07-01 21:28:26,383 [INFO] 交易日: 2025-07-01
2025-07-01 21:28:26,383 [INFO] 符合条件股票数: 0
2025-07-01 21:28:26,383 [INFO] 无符合条件股票
2025-07-01 21:29:37,452 [INFO] 未指定 --date，使用最近日期 2025-07-01
2025-07-01 21:29:41,603 [INFO] 
2025-07-01 21:29:41,604 [INFO] ============== 选股结果 [少妇战法_宽松版] ==============
2025-07-01 21:29:41,604 [INFO] 交易日: 2025-07-01
2025-07-01 21:29:41,604 [INFO] 符合条件股票数: 8
2025-07-01 21:29:41,604 [INFO] 600908, 601916, 001203, 601528, 002132, 600928, 002807, 002839
2025-07-01 21:29:45,866 [INFO] 
2025-07-01 21:29:45,866 [INFO] ============== 选股结果 [补票战法] ==============
2025-07-01 21:29:45,866 [INFO] 交易日: 2025-07-01
2025-07-01 21:29:45,866 [INFO] 符合条件股票数: 0
2025-07-01 21:29:45,866 [INFO] 无符合条件股票
2025-07-01 21:29:47,667 [INFO] 
2025-07-01 21:29:47,667 [INFO] ============== 选股结果 [TePu战法_宽松版] ==============
2025-07-01 21:29:47,667 [INFO] 交易日: 2025-07-01
2025-07-01 21:29:47,667 [INFO] 符合条件股票数: 1
2025-07-01 21:29:47,667 [INFO] 600825
2025-07-01 21:30:11,244 [INFO] 未指定 --date，使用最近日期 2025-07-01
2025-07-01 21:30:54,510 [INFO] 未指定 --date，使用最近日期 2025-07-01
2025-07-01 21:30:58,640 [INFO] 
2025-07-01 21:30:58,640 [INFO] ============== 选股结果 [少妇战法_平衡版] ==============
2025-07-01 21:30:58,640 [INFO] 交易日: 2025-07-01
2025-07-01 21:30:58,640 [INFO] 符合条件股票数: 1
2025-07-01 21:30:58,641 [INFO] 601528
2025-07-01 21:31:02,973 [INFO] 
2025-07-01 21:31:02,973 [INFO] ============== 选股结果 [补票战法] ==============
2025-07-01 21:31:02,973 [INFO] 交易日: 2025-07-01
2025-07-01 21:31:02,973 [INFO] 符合条件股票数: 0
2025-07-01 21:31:02,973 [INFO] 无符合条件股票
2025-07-01 21:31:04,817 [INFO] 
2025-07-01 21:31:04,817 [INFO] ============== 选股结果 [TePu战法_平衡版] ==============
2025-07-01 21:31:04,817 [INFO] 交易日: 2025-07-01
2025-07-01 21:31:04,817 [INFO] 符合条件股票数: 0
2025-07-01 21:31:04,817 [INFO] 无符合条件股票
2025-07-01 21:47:22,766 [INFO] 未指定 --date，使用最近日期 2025-07-01
2025-07-01 21:47:27,254 [INFO] 
2025-07-01 21:47:27,254 [INFO] ============== 选股结果 [少妇战法] ==============
2025-07-01 21:47:27,254 [INFO] 交易日: 2025-07-01
2025-07-01 21:47:27,254 [INFO] 符合条件股票数: 0
2025-07-01 21:47:27,254 [INFO] 无符合条件股票
2025-07-01 21:47:31,588 [INFO] 
2025-07-01 21:47:31,588 [INFO] ============== 选股结果 [补票战法] ==============
2025-07-01 21:47:31,588 [INFO] 交易日: 2025-07-01
2025-07-01 21:47:31,588 [INFO] 符合条件股票数: 0
2025-07-01 21:47:31,588 [INFO] 无符合条件股票
2025-07-01 21:47:33,418 [INFO] 
2025-07-01 21:47:33,419 [INFO] ============== 选股结果 [TePu战法] ==============
2025-07-01 21:47:33,419 [INFO] 交易日: 2025-07-01
2025-07-01 21:47:33,419 [INFO] 符合条件股票数: 0
2025-07-01 21:47:33,419 [INFO] 无符合条件股票
2025-07-01 21:47:49,895 [INFO] 
2025-07-01 21:47:49,895 [INFO] ============== 选股结果 [少妇战法] ==============
2025-07-01 21:47:49,895 [INFO] 交易日: 2025-06-28
2025-07-01 21:47:49,895 [INFO] 符合条件股票数: 1
2025-07-01 21:47:49,895 [INFO] 603444
2025-07-01 21:47:54,346 [INFO] 
2025-07-01 21:47:54,346 [INFO] ============== 选股结果 [补票战法] ==============
2025-07-01 21:47:54,346 [INFO] 交易日: 2025-06-28
2025-07-01 21:47:54,346 [INFO] 符合条件股票数: 2
2025-07-01 21:47:54,346 [INFO] 603061, 002026
2025-07-01 21:47:56,311 [INFO] 
2025-07-01 21:47:56,311 [INFO] ============== 选股结果 [TePu战法] ==============
2025-07-01 21:47:56,311 [INFO] 交易日: 2025-06-28
2025-07-01 21:47:56,311 [INFO] 符合条件股票数: 0
2025-07-01 21:47:56,311 [INFO] 无符合条件股票
2025-07-01 21:49:26,987 [INFO] 
2025-07-01 21:49:26,987 [INFO] ============== 选股结果 [少妇战法] ==============
2025-07-01 21:49:26,987 [INFO] 交易日: 2025-07-01
2025-07-01 21:49:26,987 [INFO] 符合条件股票数: 0
2025-07-01 21:49:26,987 [INFO] 无符合条件股票
2025-07-01 21:49:31,317 [INFO] 
2025-07-01 21:49:31,317 [INFO] ============== 选股结果 [补票战法] ==============
2025-07-01 21:49:31,317 [INFO] 交易日: 2025-07-01
2025-07-01 21:49:31,317 [INFO] 符合条件股票数: 0
2025-07-01 21:49:31,317 [INFO] 无符合条件股票
2025-07-01 21:49:33,133 [INFO] 
2025-07-01 21:49:33,133 [INFO] ============== 选股结果 [TePu战法] ==============
2025-07-01 21:49:33,133 [INFO] 交易日: 2025-07-01
2025-07-01 21:49:33,133 [INFO] 符合条件股票数: 0
2025-07-01 21:49:33,133 [INFO] 无符合条件股票
2025-07-01 22:32:00,308 [INFO] 
2025-07-01 22:32:00,308 [INFO] ============== 选股结果 [少妇战法_优化版] ==============
2025-07-01 22:32:00,309 [INFO] 交易日: 2025-07-01
2025-07-01 22:32:00,309 [INFO] 符合条件股票数: 0
2025-07-01 22:32:00,309 [INFO] 无符合条件股票
2025-07-01 22:32:03,137 [INFO] 
2025-07-01 22:32:03,137 [INFO] ============== 选股结果 [补票战法_优化版] ==============
2025-07-01 22:32:03,137 [INFO] 交易日: 2025-07-01
2025-07-01 22:32:03,137 [INFO] 符合条件股票数: 0
2025-07-01 22:32:03,137 [INFO] 无符合条件股票
2025-07-01 22:32:04,920 [INFO] 
2025-07-01 22:32:04,920 [INFO] ============== 选股结果 [TePu战法_优化版] ==============
2025-07-01 22:32:04,920 [INFO] 交易日: 2025-07-01
2025-07-01 22:32:04,920 [INFO] 符合条件股票数: 0
2025-07-01 22:32:04,920 [INFO] 无符合条件股票
2025-07-01 22:32:06,473 [INFO] 
2025-07-01 22:32:06,473 [INFO] ============== 选股结果 [补票战法_保守版] ==============
2025-07-01 22:32:06,473 [INFO] 交易日: 2025-07-01
2025-07-01 22:32:06,473 [INFO] 符合条件股票数: 0
2025-07-01 22:32:06,473 [INFO] 无符合条件股票
2025-07-01 22:32:17,892 [INFO] 
2025-07-01 22:32:17,892 [INFO] ============== 选股结果 [少妇战法_优化版] ==============
2025-07-01 22:32:17,892 [INFO] 交易日: 2025-06-28
2025-07-01 22:32:17,892 [INFO] 符合条件股票数: 1
2025-07-01 22:32:17,892 [INFO] 603444
2025-07-01 22:32:20,793 [INFO] 
2025-07-01 22:32:20,793 [INFO] ============== 选股结果 [补票战法_优化版] ==============
2025-07-01 22:32:20,793 [INFO] 交易日: 2025-06-28
2025-07-01 22:32:20,793 [INFO] 符合条件股票数: 2
2025-07-01 22:32:20,793 [INFO] 603061, 002026
2025-07-01 22:32:22,617 [INFO] 
2025-07-01 22:32:22,618 [INFO] ============== 选股结果 [TePu战法_优化版] ==============
2025-07-01 22:32:22,618 [INFO] 交易日: 2025-06-28
2025-07-01 22:32:22,618 [INFO] 符合条件股票数: 0
2025-07-01 22:32:22,618 [INFO] 无符合条件股票
2025-07-01 22:32:24,207 [INFO] 
2025-07-01 22:32:24,207 [INFO] ============== 选股结果 [补票战法_保守版] ==============
2025-07-01 22:32:24,207 [INFO] 交易日: 2025-06-28
2025-07-01 22:32:24,207 [INFO] 符合条件股票数: 0
2025-07-01 22:32:24,207 [INFO] 无符合条件股票
2025-07-01 22:37:53,469 [INFO] 
2025-07-01 22:37:53,470 [INFO] ============== 选股结果 [少妇战法] ==============
2025-07-01 22:37:53,470 [INFO] 交易日: 2025-06-28
2025-07-01 22:37:53,470 [INFO] 符合条件股票数: 1
2025-07-01 22:37:53,470 [INFO] 📋 详细交易建议:
2025-07-01 22:37:53,470 [INFO]    603444 (无价格数据)
2025-07-01 22:37:53,470 [INFO] 
2025-07-01 22:37:53,470 [INFO] 💡 操作提醒:
2025-07-01 22:37:53,470 [INFO]    - 建议在入场价附近分批买入
2025-07-01 22:37:53,470 [INFO]    - 严格执行止损，避免大额亏损
2025-07-01 22:37:53,470 [INFO]    - 离场价仅供参考，可根据市场情况调整
2025-07-01 22:37:53,470 [INFO]    - 单只股票仓位不超过总资金的10%%
2025-07-01 22:37:57,883 [INFO] 
2025-07-01 22:37:57,883 [INFO] ============== 选股结果 [补票战法] ==============
2025-07-01 22:37:57,883 [INFO] 交易日: 2025-06-28
2025-07-01 22:37:57,883 [INFO] 符合条件股票数: 2
2025-07-01 22:37:57,883 [INFO] 📋 详细交易建议:
2025-07-01 22:37:57,883 [INFO]    603061 (无价格数据)
2025-07-01 22:37:57,883 [INFO]    002026 (无价格数据)
2025-07-01 22:37:57,884 [INFO] 
2025-07-01 22:37:57,884 [INFO] 💡 操作提醒:
2025-07-01 22:37:57,884 [INFO]    - 建议在入场价附近分批买入
2025-07-01 22:37:57,884 [INFO]    - 严格执行止损，避免大额亏损
2025-07-01 22:37:57,884 [INFO]    - 离场价仅供参考，可根据市场情况调整
2025-07-01 22:37:57,884 [INFO]    - 单只股票仓位不超过总资金的10%%
2025-07-01 22:37:59,795 [INFO] 
2025-07-01 22:37:59,795 [INFO] ============== 选股结果 [TePu战法] ==============
2025-07-01 22:37:59,795 [INFO] 交易日: 2025-06-28
2025-07-01 22:37:59,795 [INFO] 符合条件股票数: 0
2025-07-01 22:37:59,795 [INFO] 无符合条件股票
2025-07-01 22:39:23,299 [INFO] 
2025-07-01 22:39:23,299 [INFO] ============== 选股结果 [少妇战法] ==============
2025-07-01 22:39:23,299 [INFO] 交易日: 2025-06-28
2025-07-01 22:39:23,299 [INFO] 符合条件股票数: 1
2025-07-01 22:39:23,299 [INFO] 📋 详细交易建议:
2025-07-01 22:39:23,300 [INFO]    603444 | 基于日期: 2025-06-27 | 入场: ¥271.76 | 离场: ¥296.46 | 止损: ¥257.05 | 预期收益: +9.1% | 风险: 5.4% | 收益风险比: 1.7
2025-07-01 22:39:23,300 [INFO] 
2025-07-01 22:39:23,300 [INFO] 💡 操作提醒:
2025-07-01 22:39:23,301 [INFO]    - 建议在入场价附近分批买入
2025-07-01 22:39:23,301 [INFO]    - 严格执行止损，避免大额亏损
2025-07-01 22:39:23,301 [INFO]    - 离场价仅供参考，可根据市场情况调整
2025-07-01 22:39:23,301 [INFO]    - 单只股票仓位不超过总资金的10%%
2025-07-01 22:39:27,705 [INFO] 
2025-07-01 22:39:27,705 [INFO] ============== 选股结果 [补票战法] ==============
2025-07-01 22:39:27,705 [INFO] 交易日: 2025-06-28
2025-07-01 22:39:27,705 [INFO] 符合条件股票数: 2
2025-07-01 22:39:27,705 [INFO] 📋 详细交易建议:
2025-07-01 22:39:27,706 [INFO]    603061 | 基于日期: 2025-06-27 | 入场: ¥79.49 | 离场: ¥84.68 | 止损: ¥77.85 | 预期收益: +6.5% | 风险: 2.1% | 收益风险比: 3.2
2025-07-01 22:39:27,707 [INFO]    002026 | 基于日期: 2025-06-27 | 入场: ¥12.06 | 离场: ¥12.96 | 止损: ¥11.68 | 预期收益: +7.5% | 风险: 3.2% | 收益风险比: 2.4
2025-07-01 22:39:27,707 [INFO] 
2025-07-01 22:39:27,707 [INFO] 💡 操作提醒:
2025-07-01 22:39:27,707 [INFO]    - 建议在入场价附近分批买入
2025-07-01 22:39:27,707 [INFO]    - 严格执行止损，避免大额亏损
2025-07-01 22:39:27,707 [INFO]    - 离场价仅供参考，可根据市场情况调整
2025-07-01 22:39:27,707 [INFO]    - 单只股票仓位不超过总资金的10%%
2025-07-01 22:39:29,612 [INFO] 
2025-07-01 22:39:29,612 [INFO] ============== 选股结果 [TePu战法] ==============
2025-07-01 22:39:29,612 [INFO] 交易日: 2025-06-28
2025-07-01 22:39:29,612 [INFO] 符合条件股票数: 0
2025-07-01 22:39:29,613 [INFO] 无符合条件股票
2025-07-01 22:40:37,717 [INFO] 
2025-07-01 22:40:37,717 [INFO] ============== 选股结果 [少妇战法_优化版] ==============
2025-07-01 22:40:37,717 [INFO] 交易日: 2025-06-28
2025-07-01 22:40:37,717 [INFO] 符合条件股票数: 1
2025-07-01 22:40:37,717 [INFO] 📋 详细交易建议:
2025-07-01 22:40:37,718 [INFO]    603444 | 基于日期: 2025-06-27 | 入场: ¥271.76 | 离场: ¥296.46 | 止损: ¥257.05 | 预期收益: +9.1% | 风险: 5.4% | 收益风险比: 1.7
2025-07-01 22:40:37,718 [INFO] 
2025-07-01 22:40:37,718 [INFO] 💡 操作提醒:
2025-07-01 22:40:37,718 [INFO]    - 建议在入场价附近分批买入
2025-07-01 22:40:37,718 [INFO]    - 严格执行止损，避免大额亏损
2025-07-01 22:40:37,718 [INFO]    - 离场价仅供参考，可根据市场情况调整
2025-07-01 22:40:37,718 [INFO]    - 单只股票仓位不超过总资金的10%%
2025-07-01 22:40:40,712 [INFO] 
2025-07-01 22:40:40,712 [INFO] ============== 选股结果 [补票战法_优化版] ==============
2025-07-01 22:40:40,712 [INFO] 交易日: 2025-06-28
2025-07-01 22:40:40,712 [INFO] 符合条件股票数: 2
2025-07-01 22:40:40,712 [INFO] 📋 详细交易建议:
2025-07-01 22:40:40,713 [INFO]    603061 | 基于日期: 2025-06-27 | 入场: ¥79.49 | 离场: ¥84.68 | 止损: ¥77.85 | 预期收益: +6.5% | 风险: 2.1% | 收益风险比: 3.2
2025-07-01 22:40:40,714 [INFO]    002026 | 基于日期: 2025-06-27 | 入场: ¥12.06 | 离场: ¥12.96 | 止损: ¥11.68 | 预期收益: +7.5% | 风险: 3.2% | 收益风险比: 2.4
2025-07-01 22:40:40,714 [INFO] 
2025-07-01 22:40:40,714 [INFO] 💡 操作提醒:
2025-07-01 22:40:40,714 [INFO]    - 建议在入场价附近分批买入
2025-07-01 22:40:40,714 [INFO]    - 严格执行止损，避免大额亏损
2025-07-01 22:40:40,714 [INFO]    - 离场价仅供参考，可根据市场情况调整
2025-07-01 22:40:40,714 [INFO]    - 单只股票仓位不超过总资金的10%%
2025-07-01 22:40:42,574 [INFO] 
2025-07-01 22:40:42,574 [INFO] ============== 选股结果 [TePu战法_优化版] ==============
2025-07-01 22:40:42,574 [INFO] 交易日: 2025-06-28
2025-07-01 22:40:42,574 [INFO] 符合条件股票数: 0
2025-07-01 22:40:42,574 [INFO] 无符合条件股票
2025-07-01 22:40:44,178 [INFO] 
2025-07-01 22:40:44,178 [INFO] ============== 选股结果 [补票战法_保守版] ==============
2025-07-01 22:40:44,178 [INFO] 交易日: 2025-06-28
2025-07-01 22:40:44,178 [INFO] 符合条件股票数: 0
2025-07-01 22:40:44,178 [INFO] 无符合条件股票
2025-07-02 00:00:16,742 [INFO] 未指定 --date，使用最近日期 2025-07-01
2025-07-02 00:00:20,487 [INFO] 
2025-07-02 00:00:20,487 [INFO] ============== 选股结果 [少妇战法] ==============
2025-07-02 00:00:20,487 [INFO] 交易日: 2025-07-01
2025-07-02 00:00:20,487 [INFO] 符合条件股票数: 0
2025-07-02 00:00:20,487 [INFO] 无符合条件股票
2025-07-02 22:04:55,149 [INFO] 未指定 --date，使用最近日期 2025-07-01
2025-07-02 22:04:58,730 [INFO] 
2025-07-02 22:04:58,730 [INFO] ============== 选股结果 [少妇战法] ==============
2025-07-02 22:04:58,730 [INFO] 交易日: 2025-07-01
2025-07-02 22:04:58,730 [INFO] 符合条件股票数: 0
2025-07-02 22:04:58,730 [INFO] 无符合条件股票
2025-07-02 22:06:23,486 [INFO] 未指定 --date，使用最近日期 2025-07-01
2025-07-02 22:06:27,104 [INFO] 
2025-07-02 22:06:27,104 [INFO] ============== 选股结果 [少妇战法] ==============
2025-07-02 22:06:27,104 [INFO] 交易日: 2025-07-01
2025-07-02 22:06:27,104 [INFO] 符合条件股票数: 4
2025-07-02 22:06:27,104 [INFO] 📋 详细交易建议:
2025-07-02 22:06:27,107 [INFO]    600908 | 基于日期: 2025-07-01 | 入场: ¥6.36 | 离场: ¥7.06 | 止损: ¥6.24 | 预期收益: +11.0% | 风险: 1.9% | 收益风险比: 5.8
2025-07-02 22:06:27,108 [INFO]    601838 | 基于日期: 2025-07-01 | 入场: ¥20.18 | 离场: ¥22.42 | 止损: ¥19.78 | 预期收益: +11.1% | 风险: 2.0% | 收益风险比: 5.6
2025-07-02 22:06:27,109 [INFO]    600919 | 基于日期: 2025-07-01 | 入场: ¥12.02 | 离场: ¥13.35 | 止损: ¥11.77 | 预期收益: +11.1% | 风险: 2.1% | 收益风险比: 5.3
2025-07-02 22:06:27,109 [INFO]    600039 | 基于日期: 2025-07-01 | 入场: ¥9.75 | 离场: ¥10.88 | 止损: ¥9.6 | 预期收益: +11.6% | 风险: 1.5% | 收益风险比: 7.5
2025-07-02 22:07:37,698 [INFO] 
2025-07-02 22:07:37,699 [INFO] ============== 选股结果 [少妇战法] ==============
2025-07-02 22:07:37,699 [INFO] 交易日: 2025-07-02
2025-07-02 22:07:37,699 [INFO] 符合条件股票数: 4
2025-07-02 22:07:37,699 [INFO] 📋 详细交易建议:
2025-07-02 22:07:37,700 [INFO]    600908 | 基于日期: 2025-07-01 | 入场: ¥6.36 | 离场: ¥7.06 | 止损: ¥6.24 | 预期收益: +11.0% | 风险: 1.9% | 收益风险比: 5.8
2025-07-02 22:07:37,701 [INFO]    601838 | 基于日期: 2025-07-01 | 入场: ¥20.18 | 离场: ¥22.42 | 止损: ¥19.78 | 预期收益: +11.1% | 风险: 2.0% | 收益风险比: 5.6
2025-07-02 22:07:37,701 [INFO]    600919 | 基于日期: 2025-07-01 | 入场: ¥12.02 | 离场: ¥13.35 | 止损: ¥11.77 | 预期收益: +11.1% | 风险: 2.1% | 收益风险比: 5.3
2025-07-02 22:07:37,702 [INFO]    600039 | 基于日期: 2025-07-01 | 入场: ¥9.75 | 离场: ¥10.88 | 止损: ¥9.6 | 预期收益: +11.6% | 风险: 1.5% | 收益风险比: 7.5
2025-07-02 22:16:02,805 [INFO] 
2025-07-02 22:16:02,805 [INFO] ============== 选股结果 [少妇战法] ==============
2025-07-02 22:16:02,805 [INFO] 交易日: 2025-07-02
2025-07-02 22:16:02,805 [INFO] 符合条件股票数: 1
2025-07-02 22:16:02,805 [INFO] 📋 详细交易建议:
2025-07-02 22:16:02,806 [INFO]    600039 | 基于日期: 2025-07-02 | 入场: ¥9.21 | 离场: ¥10.23 | 止损: ¥9.07 | 预期收益: +11.1% | 风险: 1.5% | 收益风险比: 7.3
2025-07-02 22:16:29,889 [INFO] 未指定 --date，使用最近日期 2025-07-02
2025-07-02 22:16:33,688 [INFO] 
2025-07-02 22:16:33,688 [INFO] ============== 选股结果 [少妇战法] ==============
2025-07-02 22:16:33,688 [INFO] 交易日: 2025-07-02
2025-07-02 22:16:33,688 [INFO] 符合条件股票数: 1
2025-07-02 22:16:33,689 [INFO] 📋 详细交易建议:
2025-07-02 22:16:33,690 [INFO]    600039 | 基于日期: 2025-07-02 | 入场: ¥9.21 | 离场: ¥10.23 | 止损: ¥9.07 | 预期收益: +11.1% | 风险: 1.5% | 收益风险比: 7.3
2025-07-02 22:18:56,739 [INFO] 
2025-07-02 22:18:56,739 [INFO] ============== 选股结果 [少妇战法] ==============
2025-07-02 22:18:56,739 [INFO] 交易日: 2025-07-01
2025-07-02 22:18:56,739 [INFO] 符合条件股票数: 4
2025-07-02 22:18:56,739 [INFO] 📋 详细交易建议:
2025-07-02 22:18:56,740 [INFO]    600908 | 基于日期: 2025-07-01 | 入场: ¥6.36 | 离场: ¥7.06 | 止损: ¥6.24 | 预期收益: +11.0% | 风险: 1.9% | 收益风险比: 5.8
2025-07-02 22:18:56,741 [INFO]    601838 | 基于日期: 2025-07-01 | 入场: ¥20.18 | 离场: ¥22.42 | 止损: ¥19.78 | 预期收益: +11.1% | 风险: 2.0% | 收益风险比: 5.6
2025-07-02 22:18:56,742 [INFO]    600919 | 基于日期: 2025-07-01 | 入场: ¥12.02 | 离场: ¥13.35 | 止损: ¥11.77 | 预期收益: +11.1% | 风险: 2.1% | 收益风险比: 5.3
2025-07-02 22:18:56,743 [INFO]    600039 | 基于日期: 2025-07-01 | 入场: ¥9.75 | 离场: ¥10.88 | 止损: ¥9.6 | 预期收益: +11.6% | 风险: 1.5% | 收益风险比: 7.5
2025-07-02 23:47:09,749 [INFO] 未指定 --date，使用最近日期 2025-07-02
2025-07-02 23:50:51,755 [INFO] 未指定 --date，使用最近日期 2025-07-02
2025-07-02 23:51:53,153 [INFO] 未指定 --date，使用最近日期 2025-07-02
2025-07-02 23:52:14,166 [INFO] 未指定 --date，使用最近日期 2025-07-02
2025-07-02 23:52:45,870 [INFO] 未指定 --date，使用最近日期 2025-07-02
2025-07-02 23:53:18,524 [INFO] 未指定 --date，使用最近日期 2025-07-02
2025-07-02 23:53:22,447 [INFO] 
2025-07-02 23:53:22,447 [INFO] ============== 选股结果 [综合评分策略] ==============
2025-07-02 23:53:22,447 [INFO] 交易日: 2025-07-02
2025-07-02 23:53:22,447 [INFO] 符合条件股票数: 0
2025-07-02 23:53:22,447 [INFO] 无符合条件股票
2025-07-02 23:56:32,366 [INFO] 未指定 --date，使用最近日期 2025-07-02
2025-07-02 23:56:35,986 [INFO] 
2025-07-02 23:56:35,986 [INFO] ============== 选股结果 [综合评分策略] ==============
2025-07-02 23:56:35,987 [INFO] 交易日: 2025-07-02
2025-07-02 23:56:35,987 [INFO] 符合条件股票数: 0
2025-07-02 23:56:35,987 [INFO] 无符合条件股票
2025-07-02 23:57:29,273 [INFO] 未指定 --date，使用最近日期 2025-07-02
2025-07-02 23:57:32,710 [INFO] 
2025-07-02 23:57:32,710 [INFO] ============== 选股结果 [综合评分策略] ==============
2025-07-02 23:57:32,710 [INFO] 交易日: 2025-07-02
2025-07-02 23:57:32,710 [INFO] 符合条件股票数: 15
2025-07-02 23:57:32,710 [INFO] 📋 详细交易建议:
2025-07-02 23:57:32,711 [INFO]    002955 | 基于日期: 2025-07-02 | 入场: ¥24.55 | 离场: ¥27.78 | 止损: ¥23.56 | 预期收益: +13.2% | 风险: 4.0% | 收益风险比: 3.3
2025-07-02 23:57:32,712 [INFO]    600129 | 基于日期: 2025-07-02 | 入场: ¥21.17 | 离场: ¥23.52 | 止损: ¥20.68 | 预期收益: +11.1% | 风险: 2.3% | 收益风险比: 4.8
2025-07-02 23:57:32,713 [INFO]    002605 | 基于日期: 2025-07-02 | 入场: ¥27.21 | 离场: ¥30.78 | 止损: ¥26.11 | 预期收益: +13.1% | 风险: 4.0% | 收益风险比: 3.2
2025-07-02 23:57:32,713 [INFO]    603609 | 基于日期: 2025-07-02 | 入场: ¥8.44 | 离场: ¥9.46 | 止损: ¥8.37 | 预期收益: +12.1% | 风险: 0.8% | 收益风险比: 14.6
2025-07-02 23:57:32,714 [INFO]    605296 | 基于日期: 2025-07-02 | 入场: ¥31.27 | 离场: ¥34.78 | 止损: ¥30.01 | 预期收益: +11.2% | 风险: 4.0% | 收益风险比: 2.8
2025-07-02 23:57:32,715 [INFO]    002603 | 基于日期: 2025-07-02 | 入场: ¥14.04 | 离场: ¥15.6 | 止损: ¥13.83 | 预期收益: +11.1% | 风险: 1.5% | 收益风险比: 7.4
2025-07-02 23:57:32,716 [INFO]    002511 | 基于日期: 2025-07-02 | 入场: ¥6.82 | 离场: ¥7.58 | 止损: ¥6.7 | 预期收益: +11.1% | 风险: 1.8% | 收益风险比: 6.3
2025-07-02 23:57:32,717 [INFO]    003035 | 基于日期: 2025-07-02 | 入场: ¥4.59 | 离场: ¥5.2 | 止损: ¥4.47 | 预期收益: +13.3% | 风险: 2.6% | 收益风险比: 5.1
2025-07-02 23:57:32,717 [INFO]    601086 | 基于日期: 2025-07-02 | 入场: ¥12.24 | 离场: ¥13.91 | 止损: ¥11.8 | 预期收益: +13.6% | 风险: 3.6% | 收益风险比: 3.8
2025-07-02 23:57:32,718 [INFO]    002714 | 基于日期: 2025-07-02 | 入场: ¥42.14 | 离场: ¥46.83 | 止损: ¥41.12 | 预期收益: +11.1% | 风险: 2.4% | 收益风险比: 4.6
2025-07-02 23:57:32,719 [INFO]    002488 | 基于日期: 2025-07-02 | 入场: ¥13.75 | 离场: ¥15.28 | 止损: ¥13.33 | 预期收益: +11.1% | 风险: 3.1% | 收益风险比: 3.6
2025-07-02 23:57:32,719 [INFO]    603477 | 基于日期: 2025-07-02 | 入场: ¥20.86 | 离场: ¥23.59 | 止损: ¥20.26 | 预期收益: +13.1% | 风险: 2.9% | 收益风险比: 4.6
2025-07-02 23:57:32,720 [INFO]    002645 | 基于日期: 2025-07-02 | 入场: ¥9.06 | 离场: ¥10.25 | 止损: ¥8.69 | 预期收益: +13.1% | 风险: 4.1% | 收益风险比: 3.2
2025-07-02 23:57:32,721 [INFO]    600975 | 基于日期: 2025-07-02 | 入场: ¥6.1 | 离场: ¥6.8 | 止损: ¥6.04 | 预期收益: +11.5% | 风险: 1.0% | 收益风险比: 11.7
2025-07-02 23:57:32,721 [INFO]    603367 | 基于日期: 2025-07-02 | 入场: ¥14.44 | 离场: ¥16.19 | 止损: ¥13.98 | 预期收益: +12.1% | 风险: 3.2% | 收益风险比: 3.8
2025-07-02 23:57:56,889 [INFO] 未指定 --date，使用最近日期 2025-07-02
2025-07-02 23:58:00,367 [INFO] 
2025-07-02 23:58:00,367 [INFO] ============== 选股结果 [综合评分策略] ==============
2025-07-02 23:58:00,367 [INFO] 交易日: 2025-07-02
2025-07-02 23:58:00,367 [INFO] 符合条件股票数: 0
2025-07-02 23:58:00,367 [INFO] 无符合条件股票
2025-07-03 00:18:14,557 [INFO] 未指定 --date，使用最近日期 2025-07-02
2025-07-03 00:18:18,407 [INFO] 
2025-07-03 00:18:18,407 [INFO] ============== 选股结果 [综合评分策略] ==============
2025-07-03 00:18:18,407 [INFO] 交易日: 2025-07-02
2025-07-03 00:18:18,407 [INFO] 符合条件股票数: 15
2025-07-03 00:18:18,408 [INFO] 📋 详细交易建议:
2025-07-03 00:18:18,409 [INFO]    002955 | 基于日期: 2025-07-02 | 入场: ¥24.55 | 离场: ¥27.78 | 止损: ¥23.56 | 预期收益: +13.2% | 风险: 4.0% | 收益风险比: 3.3
2025-07-03 00:18:18,410 [INFO]    600129 | 基于日期: 2025-07-02 | 入场: ¥21.17 | 离场: ¥23.52 | 止损: ¥20.68 | 预期收益: +11.1% | 风险: 2.3% | 收益风险比: 4.8
2025-07-03 00:18:18,411 [INFO]    002605 | 基于日期: 2025-07-02 | 入场: ¥27.21 | 离场: ¥30.78 | 止损: ¥26.11 | 预期收益: +13.1% | 风险: 4.0% | 收益风险比: 3.2
2025-07-03 00:18:18,411 [INFO]    603609 | 基于日期: 2025-07-02 | 入场: ¥8.44 | 离场: ¥9.46 | 止损: ¥8.37 | 预期收益: +12.1% | 风险: 0.8% | 收益风险比: 14.6
2025-07-03 00:18:18,412 [INFO]    605296 | 基于日期: 2025-07-02 | 入场: ¥31.27 | 离场: ¥34.78 | 止损: ¥30.01 | 预期收益: +11.2% | 风险: 4.0% | 收益风险比: 2.8
2025-07-03 00:18:18,413 [INFO]    002603 | 基于日期: 2025-07-02 | 入场: ¥14.04 | 离场: ¥15.6 | 止损: ¥13.83 | 预期收益: +11.1% | 风险: 1.5% | 收益风险比: 7.4
2025-07-03 00:18:18,414 [INFO]    002511 | 基于日期: 2025-07-02 | 入场: ¥6.82 | 离场: ¥7.58 | 止损: ¥6.7 | 预期收益: +11.1% | 风险: 1.8% | 收益风险比: 6.3
2025-07-03 00:18:18,414 [INFO]    003035 | 基于日期: 2025-07-02 | 入场: ¥4.59 | 离场: ¥5.2 | 止损: ¥4.47 | 预期收益: +13.3% | 风险: 2.6% | 收益风险比: 5.1
2025-07-03 00:18:18,415 [INFO]    601086 | 基于日期: 2025-07-02 | 入场: ¥12.24 | 离场: ¥13.91 | 止损: ¥11.8 | 预期收益: +13.6% | 风险: 3.6% | 收益风险比: 3.8
2025-07-03 00:18:18,416 [INFO]    002714 | 基于日期: 2025-07-02 | 入场: ¥42.14 | 离场: ¥46.83 | 止损: ¥41.12 | 预期收益: +11.1% | 风险: 2.4% | 收益风险比: 4.6
2025-07-03 00:18:18,417 [INFO]    002488 | 基于日期: 2025-07-02 | 入场: ¥13.75 | 离场: ¥15.28 | 止损: ¥13.33 | 预期收益: +11.1% | 风险: 3.1% | 收益风险比: 3.6
2025-07-03 00:18:18,417 [INFO]    603477 | 基于日期: 2025-07-02 | 入场: ¥20.86 | 离场: ¥23.59 | 止损: ¥20.26 | 预期收益: +13.1% | 风险: 2.9% | 收益风险比: 4.6
2025-07-03 00:18:18,418 [INFO]    002645 | 基于日期: 2025-07-02 | 入场: ¥9.06 | 离场: ¥10.25 | 止损: ¥8.69 | 预期收益: +13.1% | 风险: 4.1% | 收益风险比: 3.2
2025-07-03 00:18:18,419 [INFO]    600975 | 基于日期: 2025-07-02 | 入场: ¥6.1 | 离场: ¥6.8 | 止损: ¥6.04 | 预期收益: +11.5% | 风险: 1.0% | 收益风险比: 11.7
2025-07-03 00:18:18,420 [INFO]    603367 | 基于日期: 2025-07-02 | 入场: ¥14.44 | 离场: ¥16.19 | 止损: ¥13.98 | 预期收益: +12.1% | 风险: 3.2% | 收益风险比: 3.8
2025-07-03 00:20:19,937 [INFO] 未指定 --date，使用最近日期 2025-07-02
2025-07-03 00:20:23,903 [INFO] 
2025-07-03 00:20:23,903 [INFO] ============== 选股结果 [综合评分策略] ==============
2025-07-03 00:20:23,903 [INFO] 交易日: 2025-07-02
2025-07-03 00:20:23,903 [INFO] 符合条件股票数: 15
2025-07-03 00:20:23,903 [INFO] 📋 详细交易建议:
2025-07-03 00:20:23,904 [INFO]    002955 | 基于日期: 2025-07-02 | 入场: ¥24.8 | 离场: ¥27.78 | 止损: ¥23.56 | 预期收益: +12.0% | 风险: 5.0% | 收益风险比: 2.4
2025-07-03 00:20:23,905 [INFO]    600129 | 基于日期: 2025-07-02 | 入场: ¥21.38 | 离场: ¥23.52 | 止损: ¥20.68 | 预期收益: +10.0% | 风险: 3.3% | 收益风险比: 3.1
2025-07-03 00:20:23,906 [INFO]    002605 | 基于日期: 2025-07-02 | 入场: ¥27.48 | 离场: ¥30.78 | 止损: ¥26.11 | 预期收益: +12.0% | 风险: 5.0% | 收益风险比: 2.4
2025-07-03 00:20:23,907 [INFO]    603609 | 基于日期: 2025-07-02 | 入场: ¥8.6 | 离场: ¥9.46 | 止损: ¥8.37 | 预期收益: +10.0% | 风险: 2.7% | 收益风险比: 3.7
2025-07-03 00:20:23,908 [INFO]    605296 | 基于日期: 2025-07-02 | 入场: ¥31.59 | 离场: ¥34.78 | 止损: ¥30.01 | 预期收益: +10.1% | 风险: 5.0% | 收益风险比: 2.0
2025-07-03 00:20:23,909 [INFO]    002603 | 基于日期: 2025-07-02 | 入场: ¥14.18 | 离场: ¥15.6 | 止损: ¥13.83 | 预期收益: +10.0% | 风险: 2.5% | 收益风险比: 4.1
2025-07-03 00:20:23,910 [INFO]    002511 | 基于日期: 2025-07-02 | 入场: ¥6.89 | 离场: ¥7.58 | 止损: ¥6.7 | 预期收益: +10.0% | 风险: 2.8% | 收益风险比: 3.6
2025-07-03 00:20:23,911 [INFO]    003035 | 基于日期: 2025-07-02 | 入场: ¥4.64 | 离场: ¥5.2 | 止损: ¥4.47 | 预期收益: +12.1% | 风险: 3.7% | 收益风险比: 3.3
2025-07-03 00:20:23,911 [INFO]    601086 | 基于日期: 2025-07-02 | 入场: ¥12.42 | 离场: ¥13.91 | 止损: ¥11.8 | 预期收益: +12.0% | 风险: 5.0% | 收益风险比: 2.4
2025-07-03 00:20:23,912 [INFO]    002714 | 基于日期: 2025-07-02 | 入场: ¥42.57 | 离场: ¥46.83 | 止损: ¥41.12 | 预期收益: +10.0% | 风险: 3.4% | 收益风险比: 2.9
2025-07-03 00:20:23,913 [INFO]    002488 | 基于日期: 2025-07-02 | 入场: ¥13.89 | 离场: ¥15.28 | 止损: ¥13.33 | 预期收益: +10.0% | 风险: 4.0% | 收益风险比: 2.5
2025-07-03 00:20:23,914 [INFO]    603477 | 基于日期: 2025-07-02 | 入场: ¥21.33 | 离场: ¥23.59 | 止损: ¥20.26 | 预期收益: +10.6% | 风险: 5.0% | 收益风险比: 2.1
2025-07-03 00:20:23,915 [INFO]    002645 | 基于日期: 2025-07-02 | 入场: ¥9.15 | 离场: ¥10.25 | 止损: ¥8.69 | 预期收益: +12.0% | 风险: 5.0% | 收益风险比: 2.4
2025-07-03 00:20:23,916 [INFO]    600975 | 基于日期: 2025-07-02 | 入场: ¥6.18 | 离场: ¥6.8 | 止损: ¥6.04 | 预期收益: +10.0% | 风险: 2.3% | 收益风险比: 4.4
2025-07-03 00:20:23,916 [INFO]    603367 | 基于日期: 2025-07-02 | 入场: ¥14.72 | 离场: ¥16.19 | 止损: ¥13.98 | 预期收益: +10.0% | 风险: 5.0% | 收益风险比: 2.0
2025-07-03 00:32:56,886 [INFO] 
2025-07-03 00:32:56,886 [INFO] ============== 选股结果 [综合评分策略] ==============
2025-07-03 00:32:56,886 [INFO] 交易日: 2025-06-30
2025-07-03 00:32:56,886 [INFO] 符合条件股票数: 0
2025-07-03 00:32:56,886 [INFO] 无符合条件股票
2025-07-03 01:05:25,750 [INFO] 未指定 --date，使用最近日期 2025-07-02
2025-07-03 01:05:31,146 [INFO] 
2025-07-03 01:05:31,146 [INFO] ============== 选股结果 [综合评分策略] ==============
2025-07-03 01:05:31,146 [INFO] 交易日: 2025-07-02
2025-07-03 01:05:31,146 [INFO] 符合条件股票数: 16
2025-07-03 01:05:31,146 [INFO] 📋 详细交易建议:
2025-07-03 01:05:31,147 [INFO]    002955 | 基于日期: 2025-07-02 | 入场: ¥24.8 | 离场: ¥27.78 | 止损: ¥23.56 | 预期收益: +12.0% | 风险: 5.0% | 收益风险比: 2.4
2025-07-03 01:05:31,148 [INFO]    600129 | 基于日期: 2025-07-02 | 入场: ¥21.38 | 离场: ¥23.52 | 止损: ¥20.68 | 预期收益: +10.0% | 风险: 3.3% | 收益风险比: 3.1
2025-07-03 01:05:31,149 [INFO]    002605 | 基于日期: 2025-07-02 | 入场: ¥27.48 | 离场: ¥30.78 | 止损: ¥26.11 | 预期收益: +12.0% | 风险: 5.0% | 收益风险比: 2.4
2025-07-03 01:05:31,150 [INFO]    603609 | 基于日期: 2025-07-02 | 入场: ¥8.6 | 离场: ¥9.46 | 止损: ¥8.37 | 预期收益: +10.0% | 风险: 2.7% | 收益风险比: 3.7
2025-07-03 01:05:31,150 [INFO]    605296 | 基于日期: 2025-07-02 | 入场: ¥31.59 | 离场: ¥34.78 | 止损: ¥30.01 | 预期收益: +10.1% | 风险: 5.0% | 收益风险比: 2.0
2025-07-03 01:05:31,151 [INFO]    002603 | 基于日期: 2025-07-02 | 入场: ¥14.18 | 离场: ¥15.6 | 止损: ¥13.83 | 预期收益: +10.0% | 风险: 2.5% | 收益风险比: 4.1
2025-07-03 01:05:31,152 [INFO]    002511 | 基于日期: 2025-07-02 | 入场: ¥6.89 | 离场: ¥7.58 | 止损: ¥6.7 | 预期收益: +10.0% | 风险: 2.8% | 收益风险比: 3.6
2025-07-03 01:05:31,153 [INFO]    003035 | 基于日期: 2025-07-02 | 入场: ¥4.64 | 离场: ¥5.2 | 止损: ¥4.47 | 预期收益: +12.1% | 风险: 3.7% | 收益风险比: 3.3
2025-07-03 01:05:31,153 [INFO]    601086 | 基于日期: 2025-07-02 | 入场: ¥12.42 | 离场: ¥13.91 | 止损: ¥11.8 | 预期收益: +12.0% | 风险: 5.0% | 收益风险比: 2.4
2025-07-03 01:05:31,154 [INFO]    002892 | 基于日期: 2025-07-02 | 入场: ¥13.6 | 离场: ¥15.23 | 止损: ¥13.23 | 预期收益: +12.0% | 风险: 2.7% | 收益风险比: 4.4
2025-07-03 01:05:31,155 [INFO]    002714 | 基于日期: 2025-07-02 | 入场: ¥42.57 | 离场: ¥46.83 | 止损: ¥41.12 | 预期收益: +10.0% | 风险: 3.4% | 收益风险比: 2.9
2025-07-03 01:05:31,156 [INFO]    002488 | 基于日期: 2025-07-02 | 入场: ¥13.89 | 离场: ¥15.28 | 止损: ¥13.33 | 预期收益: +10.0% | 风险: 4.0% | 收益风险比: 2.5
2025-07-03 01:05:31,156 [INFO]    603477 | 基于日期: 2025-07-02 | 入场: ¥21.33 | 离场: ¥23.59 | 止损: ¥20.26 | 预期收益: +10.6% | 风险: 5.0% | 收益风险比: 2.1
2025-07-03 01:05:31,157 [INFO]    002645 | 基于日期: 2025-07-02 | 入场: ¥9.15 | 离场: ¥10.25 | 止损: ¥8.69 | 预期收益: +12.0% | 风险: 5.0% | 收益风险比: 2.4
2025-07-03 01:05:31,158 [INFO]    600975 | 基于日期: 2025-07-02 | 入场: ¥6.18 | 离场: ¥6.8 | 止损: ¥6.04 | 预期收益: +10.0% | 风险: 2.3% | 收益风险比: 4.4
2025-07-03 01:05:31,159 [INFO]    603367 | 基于日期: 2025-07-02 | 入场: ¥14.72 | 离场: ¥16.19 | 止损: ¥13.98 | 预期收益: +10.0% | 风险: 5.0% | 收益风险比: 2.0
2025-07-03 21:28:05,275 [INFO] 未指定 --date，使用最近日期 2025-07-03
2025-07-03 21:28:47,658 [INFO] 未指定 --date，使用最近日期 2025-07-03
2025-07-03 21:28:50,058 [INFO] 未指定 --date，使用最近日期 2025-07-03
2025-07-03 21:28:53,799 [INFO] 
2025-07-03 21:28:53,799 [INFO] ============== 选股结果 [少妇战法_优化版] ==============
2025-07-03 21:28:53,799 [INFO] 交易日: 2025-07-03
2025-07-03 21:28:53,799 [INFO] 符合条件股票数: 1
2025-07-03 21:28:53,799 [INFO] 📋 详细交易建议:
2025-07-03 21:28:53,801 [INFO]    600039 | 基于日期: 2025-07-03 | 入场: ¥9.4 | 离场: ¥10.34 | 止损: ¥9.08 | 预期收益: +10.0% | 风险: 3.4% | 收益风险比: 2.9
2025-07-03 21:28:59,050 [INFO] 
2025-07-03 21:28:59,050 [INFO] ============== 选股结果 [补票战法_优化版] ==============
2025-07-03 21:28:59,050 [INFO] 交易日: 2025-07-03
2025-07-03 21:28:59,050 [INFO] 符合条件股票数: 2
2025-07-03 21:28:59,050 [INFO] 📋 详细交易建议:
2025-07-03 21:28:59,051 [INFO]    600114 | 基于日期: 2025-07-03 | 入场: ¥20.84 | 离场: ¥22.92 | 止损: ¥19.86 | 预期收益: +10.0% | 风险: 4.7% | 收益风险比: 2.1
2025-07-03 21:28:59,052 [INFO]    002475 | 基于日期: 2025-07-03 | 入场: ¥35.77 | 离场: ¥39.35 | 止损: ¥34.49 | 预期收益: +10.0% | 风险: 3.6% | 收益风险比: 2.8
2025-07-03 21:29:00,977 [INFO] 
2025-07-03 21:29:00,977 [INFO] ============== 选股结果 [TePu战法_优化版] ==============
2025-07-03 21:29:00,977 [INFO] 交易日: 2025-07-03
2025-07-03 21:29:00,977 [INFO] 符合条件股票数: 1
2025-07-03 21:29:00,977 [INFO] 📋 详细交易建议:
2025-07-03 21:29:00,979 [INFO]    601975 | 基于日期: 2025-07-03 | 入场: ¥2.89 | 离场: ¥3.24 | 止损: ¥2.75 | 预期收益: +12.1% | 风险: 4.8% | 收益风险比: 2.5
2025-07-03 21:29:04,799 [INFO] 
2025-07-03 21:29:04,799 [INFO] ============== 选股结果 [补票战法_保守版] ==============
2025-07-03 21:29:04,799 [INFO] 交易日: 2025-07-03
2025-07-03 21:29:04,799 [INFO] 符合条件股票数: 0
2025-07-03 21:29:04,799 [INFO] 无符合条件股票
2025-07-03 21:32:09,486 [INFO] 未指定 --date，使用最近日期 2025-07-03
2025-07-03 21:32:46,421 [INFO] 未指定 --date，使用最近日期 2025-07-03
2025-07-03 21:32:48,646 [INFO] 未指定 --date，使用最近日期 2025-07-03
2025-07-03 21:32:51,154 [INFO] 未指定 --date，使用最近日期 2025-07-03
2025-07-03 21:32:54,837 [INFO] 
2025-07-03 21:32:54,837 [INFO] ============== 选股结果 [少妇战法_优化版] ==============
2025-07-03 21:32:54,837 [INFO] 交易日: 2025-07-03
2025-07-03 21:32:54,837 [INFO] 符合条件股票数: 1
2025-07-03 21:32:54,837 [INFO] 📋 详细交易建议:
2025-07-03 21:32:54,838 [INFO]    600039 | 基于日期: 2025-07-03 | 入场: ¥9.4 | 离场: ¥10.34 | 止损: ¥9.08 | 预期收益: +10.0% | 风险: 3.4% | 收益风险比: 2.9
2025-07-03 21:33:00,095 [INFO] 
2025-07-03 21:33:00,095 [INFO] ============== 选股结果 [补票战法_优化版] ==============
2025-07-03 21:33:00,095 [INFO] 交易日: 2025-07-03
2025-07-03 21:33:00,095 [INFO] 符合条件股票数: 2
2025-07-03 21:33:00,095 [INFO] 📋 详细交易建议:
2025-07-03 21:33:00,097 [INFO]    600114 | 基于日期: 2025-07-03 | 入场: ¥20.84 | 离场: ¥22.92 | 止损: ¥19.86 | 预期收益: +10.0% | 风险: 4.7% | 收益风险比: 2.1
2025-07-03 21:33:00,097 [INFO]    002475 | 基于日期: 2025-07-03 | 入场: ¥35.77 | 离场: ¥39.35 | 止损: ¥34.49 | 预期收益: +10.0% | 风险: 3.6% | 收益风险比: 2.8
2025-07-03 21:33:02,034 [INFO] 
2025-07-03 21:33:02,034 [INFO] ============== 选股结果 [TePu战法_优化版] ==============
2025-07-03 21:33:02,034 [INFO] 交易日: 2025-07-03
2025-07-03 21:33:02,034 [INFO] 符合条件股票数: 1
2025-07-03 21:33:02,034 [INFO] 📋 详细交易建议:
2025-07-03 21:33:02,036 [INFO]    601975 | 基于日期: 2025-07-03 | 入场: ¥2.89 | 离场: ¥3.24 | 止损: ¥2.75 | 预期收益: +12.1% | 风险: 4.8% | 收益风险比: 2.5
2025-07-03 21:33:05,822 [INFO] 
2025-07-03 21:33:05,822 [INFO] ============== 选股结果 [补票战法_保守版] ==============
2025-07-03 21:33:05,822 [INFO] 交易日: 2025-07-03
2025-07-03 21:33:05,822 [INFO] 符合条件股票数: 0
2025-07-03 21:33:05,822 [INFO] 无符合条件股票
2025-07-03 21:33:50,692 [INFO] 未指定 --date，使用最近日期 2025-07-03
2025-07-03 21:33:54,322 [INFO] 
2025-07-03 21:33:54,322 [INFO] ============== 选股结果 [少妇战法_优化版] ==============
2025-07-03 21:33:54,322 [INFO] 交易日: 2025-07-03
2025-07-03 21:33:54,322 [INFO] 符合条件股票数: 1
2025-07-03 21:33:54,322 [INFO] 📋 详细交易建议:
2025-07-03 21:33:54,324 [INFO]    600039 | 基于日期: 2025-07-03 | 入场: ¥9.4 | 离场: ¥10.34 | 止损: ¥9.08 | 预期收益: +10.0% | 风险: 3.4% | 收益风险比: 2.9
2025-07-03 21:33:59,788 [INFO] 
2025-07-03 21:33:59,788 [INFO] ============== 选股结果 [补票战法_优化版] ==============
2025-07-03 21:33:59,788 [INFO] 交易日: 2025-07-03
2025-07-03 21:33:59,788 [INFO] 符合条件股票数: 2
2025-07-03 21:33:59,788 [INFO] 📋 详细交易建议:
2025-07-03 21:33:59,790 [INFO]    600114 | 基于日期: 2025-07-03 | 入场: ¥20.84 | 离场: ¥22.92 | 止损: ¥19.86 | 预期收益: +10.0% | 风险: 4.7% | 收益风险比: 2.1
2025-07-03 21:33:59,790 [INFO]    002475 | 基于日期: 2025-07-03 | 入场: ¥35.77 | 离场: ¥39.35 | 止损: ¥34.49 | 预期收益: +10.0% | 风险: 3.6% | 收益风险比: 2.8
2025-07-03 21:34:01,800 [INFO] 
2025-07-03 21:34:01,800 [INFO] ============== 选股结果 [TePu战法_优化版] ==============
2025-07-03 21:34:01,800 [INFO] 交易日: 2025-07-03
2025-07-03 21:34:01,800 [INFO] 符合条件股票数: 1
2025-07-03 21:34:01,800 [INFO] 📋 详细交易建议:
2025-07-03 21:34:01,801 [INFO]    601975 | 基于日期: 2025-07-03 | 入场: ¥2.89 | 离场: ¥3.24 | 止损: ¥2.75 | 预期收益: +12.1% | 风险: 4.8% | 收益风险比: 2.5
2025-07-03 21:34:05,882 [INFO] 
2025-07-03 21:34:05,882 [INFO] ============== 选股结果 [补票战法_保守版] ==============
2025-07-03 21:34:05,882 [INFO] 交易日: 2025-07-03
2025-07-03 21:34:05,882 [INFO] 符合条件股票数: 0
2025-07-03 21:34:05,882 [INFO] 无符合条件股票
2025-07-03 21:34:14,688 [INFO] 未指定 --date，使用最近日期 2025-07-03
2025-07-03 21:34:17,040 [INFO] 未指定 --date，使用最近日期 2025-07-03
2025-07-03 21:34:20,767 [INFO] 
2025-07-03 21:34:20,767 [INFO] ============== 选股结果 [少妇战法_优化版] ==============
2025-07-03 21:34:20,767 [INFO] 交易日: 2025-07-03
2025-07-03 21:34:20,768 [INFO] 符合条件股票数: 1
2025-07-03 21:34:20,768 [INFO] 📋 详细交易建议:
2025-07-03 21:34:20,769 [INFO]    600039 | 基于日期: 2025-07-03 | 入场: ¥9.4 | 离场: ¥10.34 | 止损: ¥9.08 | 预期收益: +10.0% | 风险: 3.4% | 收益风险比: 2.9
2025-07-03 21:34:26,112 [INFO] 
2025-07-03 21:34:26,112 [INFO] ============== 选股结果 [补票战法_优化版] ==============
2025-07-03 21:34:26,112 [INFO] 交易日: 2025-07-03
2025-07-03 21:34:26,112 [INFO] 符合条件股票数: 2
2025-07-03 21:34:26,112 [INFO] 📋 详细交易建议:
2025-07-03 21:34:26,113 [INFO]    600114 | 基于日期: 2025-07-03 | 入场: ¥20.84 | 离场: ¥22.92 | 止损: ¥19.86 | 预期收益: +10.0% | 风险: 4.7% | 收益风险比: 2.1
2025-07-03 21:34:26,114 [INFO]    002475 | 基于日期: 2025-07-03 | 入场: ¥35.77 | 离场: ¥39.35 | 止损: ¥34.49 | 预期收益: +10.0% | 风险: 3.6% | 收益风险比: 2.8
2025-07-03 21:34:28,115 [INFO] 
2025-07-03 21:34:28,115 [INFO] ============== 选股结果 [TePu战法_优化版] ==============
2025-07-03 21:34:28,115 [INFO] 交易日: 2025-07-03
2025-07-03 21:34:28,115 [INFO] 符合条件股票数: 1
2025-07-03 21:34:28,115 [INFO] 📋 详细交易建议:
2025-07-03 21:34:28,116 [INFO]    601975 | 基于日期: 2025-07-03 | 入场: ¥2.89 | 离场: ¥3.24 | 止损: ¥2.75 | 预期收益: +12.1% | 风险: 4.8% | 收益风险比: 2.5
2025-07-03 21:34:31,959 [INFO] 
2025-07-03 21:34:31,959 [INFO] ============== 选股结果 [补票战法_保守版] ==============
2025-07-03 21:34:31,959 [INFO] 交易日: 2025-07-03
2025-07-03 21:34:31,959 [INFO] 符合条件股票数: 0
2025-07-03 21:34:31,959 [INFO] 无符合条件股票
2025-07-03 21:35:51,799 [INFO] 未指定 --date，使用最近日期 2025-07-03
2025-07-03 21:35:57,952 [INFO] 
2025-07-03 21:35:57,953 [INFO] ============== 选股结果 [综合评分策略] ==============
2025-07-03 21:35:57,953 [INFO] 交易日: 2025-07-03
2025-07-03 21:35:57,953 [INFO] 符合条件股票数: 40
2025-07-03 21:35:57,953 [INFO] 📋 详细交易建议:
2025-07-03 21:35:57,954 [INFO]    002612 | 基于日期: 2025-07-03 | 入场: ¥17.55 | 离场: ¥19.31 | 止损: ¥16.79 | 预期收益: +10.0% | 风险: 4.3% | 收益风险比: 2.3
2025-07-03 21:35:57,955 [INFO]    600276 | 基于日期: 2025-07-03 | 入场: ¥52.47 | 离场: ¥57.72 | 止损: ¥50.54 | 预期收益: +10.0% | 风险: 3.7% | 收益风险比: 2.7
2025-07-03 21:35:57,955 [INFO]    601579 | 基于日期: 2025-07-03 | 入场: ¥19.7 | 离场: ¥22.06 | 止损: ¥18.91 | 预期收益: +12.0% | 风险: 4.0% | 收益风险比: 3.0
2025-07-03 21:35:57,956 [INFO]    002349 | 基于日期: 2025-07-03 | 入场: ¥7.35 | 离场: ¥8.19 | 止损: ¥7.1 | 预期收益: +11.4% | 风险: 3.4% | 收益风险比: 3.4
2025-07-03 21:35:57,957 [INFO]    600658 | 基于日期: 2025-07-03 | 入场: ¥4.6 | 离场: ¥5.07 | 止损: ¥4.37 | 预期收益: +10.2% | 风险: 5.0% | 收益风险比: 2.0
2025-07-03 21:35:57,957 [INFO]    600529 | 基于日期: 2025-07-03 | 入场: ¥22.02 | 离场: ¥24.22 | 止损: ¥21.5 | 预期收益: +10.0% | 风险: 2.4% | 收益风险比: 4.2
2025-07-03 21:35:57,958 [INFO]    000029 | 基于日期: 2025-07-03 | 入场: ¥18.64 | 离场: ¥20.88 | 止损: ¥17.76 | 预期收益: +12.0% | 风险: 4.7% | 收益风险比: 2.5
2025-07-03 21:35:57,959 [INFO]    603697 | 基于日期: 2025-07-03 | 入场: ¥13.83 | 离场: ¥15.49 | 止损: ¥13.14 | 预期收益: +12.0% | 风险: 5.0% | 收益风险比: 2.4
2025-07-03 21:35:57,960 [INFO]    002275 | 基于日期: 2025-07-03 | 入场: ¥14.52 | 离场: ¥15.97 | 止损: ¥14.11 | 预期收益: +10.0% | 风险: 2.8% | 收益风险比: 3.5
2025-07-03 21:35:57,960 [INFO]    600189 | 基于日期: 2025-07-03 | 入场: ¥7.28 | 离场: ¥8.01 | 止损: ¥7.07 | 预期收益: +10.0% | 风险: 2.9% | 收益风险比: 3.5
2025-07-03 21:35:57,961 [INFO]    000661 | 基于日期: 2025-07-03 | 入场: ¥108.69 | 离场: ¥119.56 | 止损: ¥103.26 | 预期收益: +10.0% | 风险: 5.0% | 收益风险比: 2.0
2025-07-03 21:35:57,962 [INFO]    600572 | 基于日期: 2025-07-03 | 入场: ¥4.46 | 离场: ¥4.91 | 止损: ¥4.35 | 预期收益: +10.1% | 风险: 2.5% | 收益风险比: 4.1
2025-07-03 21:35:57,963 [INFO]    002892 | 基于日期: 2025-07-03 | 入场: ¥13.66 | 离场: ¥15.3 | 止损: ¥13.22 | 预期收益: +12.0% | 风险: 3.2% | 收益风险比: 3.7
2025-07-03 21:35:57,964 [INFO]    000739 | 基于日期: 2025-07-03 | 入场: ¥14.39 | 离场: ¥15.83 | 止损: ¥13.94 | 预期收益: +10.0% | 风险: 3.1% | 收益风险比: 3.2
2025-07-03 21:35:57,965 [INFO]    000665 | 基于日期: 2025-07-03 | 入场: ¥5.13 | 离场: ¥5.75 | 止损: ¥4.87 | 预期收益: +12.1% | 风险: 5.1% | 收益风险比: 2.4
2025-07-03 21:35:57,966 [INFO]    603056 | 基于日期: 2025-07-03 | 入场: ¥15.92 | 离场: ¥17.83 | 止损: ¥15.4 | 预期收益: +12.0% | 风险: 3.3% | 收益风险比: 3.7
2025-07-03 21:35:57,967 [INFO]    002675 | 基于日期: 2025-07-03 | 入场: ¥14.63 | 离场: ¥16.09 | 止损: ¥13.91 | 预期收益: +10.0% | 风险: 4.9% | 收益风险比: 2.0
2025-07-03 21:35:57,967 [INFO]    002122 | 基于日期: 2025-07-03 | 入场: ¥4.15 | 离场: ¥4.65 | 止损: ¥3.94 | 预期收益: +12.0% | 风险: 5.1% | 收益风险比: 2.4
2025-07-03 21:35:57,968 [INFO]    002241 | 基于日期: 2025-07-03 | 入场: ¥23.7 | 离场: ¥26.07 | 止损: ¥22.63 | 预期收益: +10.0% | 风险: 4.5% | 收益风险比: 2.2
2025-07-03 21:35:57,969 [INFO]    600037 | 基于日期: 2025-07-03 | 入场: ¥7.6 | 离场: ¥8.51 | 止损: ¥7.35 | 预期收益: +12.0% | 风险: 3.3% | 收益风险比: 3.6
2025-07-03 21:35:57,969 [INFO]    600223 | 基于日期: 2025-07-03 | 入场: ¥8.23 | 离场: ¥9.22 | 止损: ¥7.82 | 预期收益: +12.0% | 风险: 5.0% | 收益风险比: 2.4
2025-07-03 21:35:57,970 [INFO]    600380 | 基于日期: 2025-07-03 | 入场: ¥11.15 | 离场: ¥12.26 | 止损: ¥10.84 | 预期收益: +10.0% | 风险: 2.8% | 收益风险比: 3.6
2025-07-03 21:35:57,971 [INFO]    600418 | 基于日期: 2025-07-03 | 入场: ¥40.44 | 离场: ¥44.91 | 止损: ¥38.42 | 预期收益: +11.1% | 风险: 5.0% | 收益风险比: 2.2
2025-07-03 21:35:57,972 [INFO]    002134 | 基于日期: 2025-07-03 | 入场: ¥21.77 | 离场: ¥24.38 | 止损: ¥20.87 | 预期收益: +12.0% | 风险: 4.1% | 收益风险比: 2.9
2025-07-03 21:35:57,973 [INFO]    002468 | 基于日期: 2025-07-03 | 入场: ¥11.1 | 离场: ¥12.21 | 止损: ¥10.71 | 预期收益: +10.0% | 风险: 3.5% | 收益风险比: 2.8
2025-07-03 21:35:57,974 [INFO]    603699 | 基于日期: 2025-07-03 | 入场: ¥30.8 | 离场: ¥34.5 | 止损: ¥29.33 | 预期收益: +12.0% | 风险: 4.8% | 收益风险比: 2.5
2025-07-03 21:35:57,975 [INFO]    000917 | 基于日期: 2025-07-03 | 入场: ¥7.5 | 离场: ¥8.28 | 止损: ¥7.12 | 预期收益: +10.4% | 风险: 5.1% | 收益风险比: 2.1
2025-07-03 21:35:57,975 [INFO]    600557 | 基于日期: 2025-07-03 | 入场: ¥15.85 | 离场: ¥17.5 | 止损: ¥15.06 | 预期收益: +10.4% | 风险: 5.0% | 收益风险比: 2.1
2025-07-03 21:35:57,976 [INFO]    002292 | 基于日期: 2025-07-03 | 入场: ¥9.62 | 离场: ¥10.77 | 止损: ¥9.14 | 预期收益: +12.0% | 风险: 5.0% | 收益风险比: 2.4
2025-07-03 21:35:57,977 [INFO]    000795 | 基于日期: 2025-07-03 | 入场: ¥10.65 | 离场: ¥11.93 | 止损: ¥10.12 | 预期收益: +12.0% | 风险: 5.0% | 收益风险比: 2.4
2025-07-03 21:35:57,977 [INFO]    000409 | 基于日期: 2025-07-03 | 入场: ¥11.3 | 离场: ¥12.66 | 止损: ¥10.74 | 预期收益: +12.0% | 风险: 5.0% | 收益风险比: 2.4
2025-07-03 21:35:57,978 [INFO]    002020 | 基于日期: 2025-07-03 | 入场: ¥13.57 | 离场: ¥14.93 | 止损: ¥13.1 | 预期收益: +10.0% | 风险: 3.5% | 收益风险比: 2.9
2025-07-03 21:35:57,979 [INFO]    000970 | 基于日期: 2025-07-03 | 入场: ¥11.63 | 离场: ¥12.96 | 止损: ¥11.05 | 预期收益: +11.4% | 风险: 5.0% | 收益风险比: 2.3
2025-07-03 21:35:57,980 [INFO]    600645 | 基于日期: 2025-07-03 | 入场: ¥23.52 | 离场: ¥25.88 | 止损: ¥22.34 | 预期收益: +10.0% | 风险: 5.0% | 收益风险比: 2.0
2025-07-03 21:35:57,980 [INFO]    605507 | 基于日期: 2025-07-03 | 入场: ¥20.26 | 离场: ¥22.29 | 止损: ¥19.71 | 预期收益: +10.0% | 风险: 2.7% | 收益风险比: 3.7
2025-07-03 21:35:57,981 [INFO]    002543 | 基于日期: 2025-07-03 | 入场: ¥11.32 | 离场: ¥12.45 | 止损: ¥10.86 | 预期收益: +10.0% | 风险: 4.1% | 收益风险比: 2.5
2025-07-03 21:35:57,983 [INFO]    000989 | 基于日期: 2025-07-03 | 入场: ¥9.96 | 离场: ¥10.96 | 止损: ¥9.48 | 预期收益: +10.0% | 风险: 4.8% | 收益风险比: 2.1
2025-07-03 21:35:57,984 [INFO]    600708 | 基于日期: 2025-07-03 | 入场: ¥3.39 | 离场: ¥3.8 | 止损: ¥3.26 | 预期收益: +12.1% | 风险: 3.8% | 收益风险比: 3.2
2025-07-03 21:35:57,984 [INFO]    002422 | 基于日期: 2025-07-03 | 入场: ¥37.16 | 离场: ¥40.88 | 止损: ¥35.3 | 预期收益: +10.0% | 风险: 5.0% | 收益风险比: 2.0
2025-07-03 21:35:57,985 [INFO]    600535 | 基于日期: 2025-07-03 | 入场: ¥15.76 | 离场: ¥17.34 | 止损: ¥15.38 | 预期收益: +10.0% | 风险: 2.4% | 收益风险比: 4.2
2025-07-03 21:35:59,912 [INFO] 未指定 --date，使用最近日期 2025-07-03
2025-07-03 21:36:05,664 [INFO] 
2025-07-03 21:36:05,664 [INFO] ============== 选股结果 [综合评分策略] ==============
2025-07-03 21:36:05,664 [INFO] 交易日: 2025-07-03
2025-07-03 21:36:05,664 [INFO] 符合条件股票数: 40
2025-07-03 21:36:05,664 [INFO] 📋 详细交易建议:
2025-07-03 21:36:05,665 [INFO]    002612 | 基于日期: 2025-07-03 | 入场: ¥17.55 | 离场: ¥19.31 | 止损: ¥16.79 | 预期收益: +10.0% | 风险: 4.3% | 收益风险比: 2.3
2025-07-03 21:36:05,666 [INFO]    600276 | 基于日期: 2025-07-03 | 入场: ¥52.47 | 离场: ¥57.72 | 止损: ¥50.54 | 预期收益: +10.0% | 风险: 3.7% | 收益风险比: 2.7
2025-07-03 21:36:05,667 [INFO]    601579 | 基于日期: 2025-07-03 | 入场: ¥19.7 | 离场: ¥22.06 | 止损: ¥18.91 | 预期收益: +12.0% | 风险: 4.0% | 收益风险比: 3.0
2025-07-03 21:36:05,667 [INFO]    002349 | 基于日期: 2025-07-03 | 入场: ¥7.35 | 离场: ¥8.19 | 止损: ¥7.1 | 预期收益: +11.4% | 风险: 3.4% | 收益风险比: 3.4
2025-07-03 21:36:05,668 [INFO]    600658 | 基于日期: 2025-07-03 | 入场: ¥4.6 | 离场: ¥5.07 | 止损: ¥4.37 | 预期收益: +10.2% | 风险: 5.0% | 收益风险比: 2.0
2025-07-03 21:36:05,669 [INFO]    600529 | 基于日期: 2025-07-03 | 入场: ¥22.02 | 离场: ¥24.22 | 止损: ¥21.5 | 预期收益: +10.0% | 风险: 2.4% | 收益风险比: 4.2
2025-07-03 21:36:05,670 [INFO]    000029 | 基于日期: 2025-07-03 | 入场: ¥18.64 | 离场: ¥20.88 | 止损: ¥17.76 | 预期收益: +12.0% | 风险: 4.7% | 收益风险比: 2.5
2025-07-03 21:36:05,671 [INFO]    603697 | 基于日期: 2025-07-03 | 入场: ¥13.83 | 离场: ¥15.49 | 止损: ¥13.14 | 预期收益: +12.0% | 风险: 5.0% | 收益风险比: 2.4
2025-07-03 21:36:05,671 [INFO]    002275 | 基于日期: 2025-07-03 | 入场: ¥14.52 | 离场: ¥15.97 | 止损: ¥14.11 | 预期收益: +10.0% | 风险: 2.8% | 收益风险比: 3.5
2025-07-03 21:36:05,672 [INFO]    600189 | 基于日期: 2025-07-03 | 入场: ¥7.28 | 离场: ¥8.01 | 止损: ¥7.07 | 预期收益: +10.0% | 风险: 2.9% | 收益风险比: 3.5
2025-07-03 21:36:05,673 [INFO]    000661 | 基于日期: 2025-07-03 | 入场: ¥108.69 | 离场: ¥119.56 | 止损: ¥103.26 | 预期收益: +10.0% | 风险: 5.0% | 收益风险比: 2.0
2025-07-03 21:36:05,673 [INFO]    600572 | 基于日期: 2025-07-03 | 入场: ¥4.46 | 离场: ¥4.91 | 止损: ¥4.35 | 预期收益: +10.1% | 风险: 2.5% | 收益风险比: 4.1
2025-07-03 21:36:05,674 [INFO]    002892 | 基于日期: 2025-07-03 | 入场: ¥13.66 | 离场: ¥15.3 | 止损: ¥13.22 | 预期收益: +12.0% | 风险: 3.2% | 收益风险比: 3.7
2025-07-03 21:36:05,675 [INFO]    000739 | 基于日期: 2025-07-03 | 入场: ¥14.39 | 离场: ¥15.83 | 止损: ¥13.94 | 预期收益: +10.0% | 风险: 3.1% | 收益风险比: 3.2
2025-07-03 21:36:05,675 [INFO]    000665 | 基于日期: 2025-07-03 | 入场: ¥5.13 | 离场: ¥5.75 | 止损: ¥4.87 | 预期收益: +12.1% | 风险: 5.1% | 收益风险比: 2.4
2025-07-03 21:36:05,676 [INFO]    603056 | 基于日期: 2025-07-03 | 入场: ¥15.92 | 离场: ¥17.83 | 止损: ¥15.4 | 预期收益: +12.0% | 风险: 3.3% | 收益风险比: 3.7
2025-07-03 21:36:05,677 [INFO]    002675 | 基于日期: 2025-07-03 | 入场: ¥14.63 | 离场: ¥16.09 | 止损: ¥13.91 | 预期收益: +10.0% | 风险: 4.9% | 收益风险比: 2.0
2025-07-03 21:36:05,677 [INFO]    002122 | 基于日期: 2025-07-03 | 入场: ¥4.15 | 离场: ¥4.65 | 止损: ¥3.94 | 预期收益: +12.0% | 风险: 5.1% | 收益风险比: 2.4
2025-07-03 21:36:05,678 [INFO]    002241 | 基于日期: 2025-07-03 | 入场: ¥23.7 | 离场: ¥26.07 | 止损: ¥22.63 | 预期收益: +10.0% | 风险: 4.5% | 收益风险比: 2.2
2025-07-03 21:36:05,679 [INFO]    600037 | 基于日期: 2025-07-03 | 入场: ¥7.6 | 离场: ¥8.51 | 止损: ¥7.35 | 预期收益: +12.0% | 风险: 3.3% | 收益风险比: 3.6
2025-07-03 21:36:05,680 [INFO]    600223 | 基于日期: 2025-07-03 | 入场: ¥8.23 | 离场: ¥9.22 | 止损: ¥7.82 | 预期收益: +12.0% | 风险: 5.0% | 收益风险比: 2.4
2025-07-03 21:36:05,681 [INFO]    600380 | 基于日期: 2025-07-03 | 入场: ¥11.15 | 离场: ¥12.26 | 止损: ¥10.84 | 预期收益: +10.0% | 风险: 2.8% | 收益风险比: 3.6
2025-07-03 21:36:05,681 [INFO]    600418 | 基于日期: 2025-07-03 | 入场: ¥40.44 | 离场: ¥44.91 | 止损: ¥38.42 | 预期收益: +11.1% | 风险: 5.0% | 收益风险比: 2.2
2025-07-03 21:36:05,682 [INFO]    002134 | 基于日期: 2025-07-03 | 入场: ¥21.77 | 离场: ¥24.38 | 止损: ¥20.87 | 预期收益: +12.0% | 风险: 4.1% | 收益风险比: 2.9
2025-07-03 21:36:05,683 [INFO]    002468 | 基于日期: 2025-07-03 | 入场: ¥11.1 | 离场: ¥12.21 | 止损: ¥10.71 | 预期收益: +10.0% | 风险: 3.5% | 收益风险比: 2.8
2025-07-03 21:36:05,683 [INFO]    603699 | 基于日期: 2025-07-03 | 入场: ¥30.8 | 离场: ¥34.5 | 止损: ¥29.33 | 预期收益: +12.0% | 风险: 4.8% | 收益风险比: 2.5
2025-07-03 21:36:05,684 [INFO]    000917 | 基于日期: 2025-07-03 | 入场: ¥7.5 | 离场: ¥8.28 | 止损: ¥7.12 | 预期收益: +10.4% | 风险: 5.1% | 收益风险比: 2.1
2025-07-03 21:36:05,685 [INFO]    600557 | 基于日期: 2025-07-03 | 入场: ¥15.85 | 离场: ¥17.5 | 止损: ¥15.06 | 预期收益: +10.4% | 风险: 5.0% | 收益风险比: 2.1
2025-07-03 21:36:05,686 [INFO]    002292 | 基于日期: 2025-07-03 | 入场: ¥9.62 | 离场: ¥10.77 | 止损: ¥9.14 | 预期收益: +12.0% | 风险: 5.0% | 收益风险比: 2.4
2025-07-03 21:36:05,686 [INFO]    000795 | 基于日期: 2025-07-03 | 入场: ¥10.65 | 离场: ¥11.93 | 止损: ¥10.12 | 预期收益: +12.0% | 风险: 5.0% | 收益风险比: 2.4
2025-07-03 21:36:05,687 [INFO]    000409 | 基于日期: 2025-07-03 | 入场: ¥11.3 | 离场: ¥12.66 | 止损: ¥10.74 | 预期收益: +12.0% | 风险: 5.0% | 收益风险比: 2.4
2025-07-03 21:36:05,688 [INFO]    002020 | 基于日期: 2025-07-03 | 入场: ¥13.57 | 离场: ¥14.93 | 止损: ¥13.1 | 预期收益: +10.0% | 风险: 3.5% | 收益风险比: 2.9
2025-07-03 21:36:05,689 [INFO]    000970 | 基于日期: 2025-07-03 | 入场: ¥11.63 | 离场: ¥12.96 | 止损: ¥11.05 | 预期收益: +11.4% | 风险: 5.0% | 收益风险比: 2.3
2025-07-03 21:36:05,690 [INFO]    600645 | 基于日期: 2025-07-03 | 入场: ¥23.52 | 离场: ¥25.88 | 止损: ¥22.34 | 预期收益: +10.0% | 风险: 5.0% | 收益风险比: 2.0
2025-07-03 21:36:05,691 [INFO]    605507 | 基于日期: 2025-07-03 | 入场: ¥20.26 | 离场: ¥22.29 | 止损: ¥19.71 | 预期收益: +10.0% | 风险: 2.7% | 收益风险比: 3.7
2025-07-03 21:36:05,691 [INFO]    002543 | 基于日期: 2025-07-03 | 入场: ¥11.32 | 离场: ¥12.45 | 止损: ¥10.86 | 预期收益: +10.0% | 风险: 4.1% | 收益风险比: 2.5
2025-07-03 21:36:05,692 [INFO]    000989 | 基于日期: 2025-07-03 | 入场: ¥9.96 | 离场: ¥10.96 | 止损: ¥9.48 | 预期收益: +10.0% | 风险: 4.8% | 收益风险比: 2.1
2025-07-03 21:36:05,693 [INFO]    600708 | 基于日期: 2025-07-03 | 入场: ¥3.39 | 离场: ¥3.8 | 止损: ¥3.26 | 预期收益: +12.1% | 风险: 3.8% | 收益风险比: 3.2
2025-07-03 21:36:05,694 [INFO]    002422 | 基于日期: 2025-07-03 | 入场: ¥37.16 | 离场: ¥40.88 | 止损: ¥35.3 | 预期收益: +10.0% | 风险: 5.0% | 收益风险比: 2.0
2025-07-03 21:36:05,694 [INFO]    600535 | 基于日期: 2025-07-03 | 入场: ¥15.76 | 离场: ¥17.34 | 止损: ¥15.38 | 预期收益: +10.0% | 风险: 2.4% | 收益风险比: 4.2
2025-07-03 21:36:08,266 [INFO] 未指定 --date，使用最近日期 2025-07-03
2025-07-03 21:36:11,854 [INFO] 
2025-07-03 21:36:11,855 [INFO] ============== 选股结果 [少妇战法_优化版] ==============
2025-07-03 21:36:11,855 [INFO] 交易日: 2025-07-03
2025-07-03 21:36:11,855 [INFO] 符合条件股票数: 1
2025-07-03 21:36:11,855 [INFO] 📋 详细交易建议:
2025-07-03 21:36:11,856 [INFO]    600039 | 基于日期: 2025-07-03 | 入场: ¥9.4 | 离场: ¥10.34 | 止损: ¥9.08 | 预期收益: +10.0% | 风险: 3.4% | 收益风险比: 2.9
2025-07-03 21:36:16,896 [INFO] 
2025-07-03 21:36:16,896 [INFO] ============== 选股结果 [补票战法_优化版] ==============
2025-07-03 21:36:16,896 [INFO] 交易日: 2025-07-03
2025-07-03 21:36:16,896 [INFO] 符合条件股票数: 2
2025-07-03 21:36:16,896 [INFO] 📋 详细交易建议:
2025-07-03 21:36:16,897 [INFO]    600114 | 基于日期: 2025-07-03 | 入场: ¥20.84 | 离场: ¥22.92 | 止损: ¥19.86 | 预期收益: +10.0% | 风险: 4.7% | 收益风险比: 2.1
2025-07-03 21:36:16,898 [INFO]    002475 | 基于日期: 2025-07-03 | 入场: ¥35.77 | 离场: ¥39.35 | 止损: ¥34.49 | 预期收益: +10.0% | 风险: 3.6% | 收益风险比: 2.8
2025-07-03 21:36:18,569 [INFO] 
2025-07-03 21:36:18,569 [INFO] ============== 选股结果 [TePu战法_优化版] ==============
2025-07-03 21:36:18,569 [INFO] 交易日: 2025-07-03
2025-07-03 21:36:18,569 [INFO] 符合条件股票数: 1
2025-07-03 21:36:18,569 [INFO] 📋 详细交易建议:
2025-07-03 21:36:18,570 [INFO]    601975 | 基于日期: 2025-07-03 | 入场: ¥2.89 | 离场: ¥3.24 | 止损: ¥2.75 | 预期收益: +12.1% | 风险: 4.8% | 收益风险比: 2.5
2025-07-03 21:36:22,079 [INFO] 
2025-07-03 21:36:22,079 [INFO] ============== 选股结果 [补票战法_保守版] ==============
2025-07-03 21:36:22,079 [INFO] 交易日: 2025-07-03
2025-07-03 21:36:22,079 [INFO] 符合条件股票数: 0
2025-07-03 21:36:22,079 [INFO] 无符合条件股票
2025-07-03 21:40:41,275 [INFO] 未指定 --date，使用最近日期 2025-07-03
2025-07-03 21:40:47,010 [INFO] 
2025-07-03 21:40:47,010 [INFO] ============== 选股结果 [综合评分策略] ==============
2025-07-03 21:40:47,010 [INFO] 交易日: 2025-07-03
2025-07-03 21:40:47,010 [INFO] 符合条件股票数: 40
2025-07-03 21:40:47,010 [INFO] 📋 详细交易建议:
2025-07-03 21:40:47,011 [INFO]    002612 | 基于日期: 2025-07-03 | 入场: ¥17.55 | 离场: ¥19.31 | 止损: ¥16.79 | 预期收益: +10.0% | 风险: 4.3% | 收益风险比: 2.3
2025-07-03 21:40:47,012 [INFO]    600276 | 基于日期: 2025-07-03 | 入场: ¥52.47 | 离场: ¥57.72 | 止损: ¥50.54 | 预期收益: +10.0% | 风险: 3.7% | 收益风险比: 2.7
2025-07-03 21:40:47,013 [INFO]    601579 | 基于日期: 2025-07-03 | 入场: ¥19.7 | 离场: ¥22.06 | 止损: ¥18.91 | 预期收益: +12.0% | 风险: 4.0% | 收益风险比: 3.0
2025-07-03 21:40:47,013 [INFO]    002349 | 基于日期: 2025-07-03 | 入场: ¥7.35 | 离场: ¥8.19 | 止损: ¥7.1 | 预期收益: +11.4% | 风险: 3.4% | 收益风险比: 3.4
2025-07-03 21:40:47,014 [INFO]    600658 | 基于日期: 2025-07-03 | 入场: ¥4.6 | 离场: ¥5.07 | 止损: ¥4.37 | 预期收益: +10.2% | 风险: 5.0% | 收益风险比: 2.0
2025-07-03 21:40:47,015 [INFO]    600529 | 基于日期: 2025-07-03 | 入场: ¥22.02 | 离场: ¥24.22 | 止损: ¥21.5 | 预期收益: +10.0% | 风险: 2.4% | 收益风险比: 4.2
2025-07-03 21:40:47,016 [INFO]    000029 | 基于日期: 2025-07-03 | 入场: ¥18.64 | 离场: ¥20.88 | 止损: ¥17.76 | 预期收益: +12.0% | 风险: 4.7% | 收益风险比: 2.5
2025-07-03 21:40:47,017 [INFO]    603697 | 基于日期: 2025-07-03 | 入场: ¥13.83 | 离场: ¥15.49 | 止损: ¥13.14 | 预期收益: +12.0% | 风险: 5.0% | 收益风险比: 2.4
2025-07-03 21:40:47,017 [INFO]    002275 | 基于日期: 2025-07-03 | 入场: ¥14.52 | 离场: ¥15.97 | 止损: ¥14.11 | 预期收益: +10.0% | 风险: 2.8% | 收益风险比: 3.5
2025-07-03 21:40:47,018 [INFO]    600189 | 基于日期: 2025-07-03 | 入场: ¥7.28 | 离场: ¥8.01 | 止损: ¥7.07 | 预期收益: +10.0% | 风险: 2.9% | 收益风险比: 3.5
2025-07-03 21:40:47,019 [INFO]    000661 | 基于日期: 2025-07-03 | 入场: ¥108.69 | 离场: ¥119.56 | 止损: ¥103.26 | 预期收益: +10.0% | 风险: 5.0% | 收益风险比: 2.0
2025-07-03 21:40:47,019 [INFO]    600572 | 基于日期: 2025-07-03 | 入场: ¥4.46 | 离场: ¥4.91 | 止损: ¥4.35 | 预期收益: +10.1% | 风险: 2.5% | 收益风险比: 4.1
2025-07-03 21:40:47,020 [INFO]    002892 | 基于日期: 2025-07-03 | 入场: ¥13.66 | 离场: ¥15.3 | 止损: ¥13.22 | 预期收益: +12.0% | 风险: 3.2% | 收益风险比: 3.7
2025-07-03 21:40:47,021 [INFO]    000739 | 基于日期: 2025-07-03 | 入场: ¥14.39 | 离场: ¥15.83 | 止损: ¥13.94 | 预期收益: +10.0% | 风险: 3.1% | 收益风险比: 3.2
2025-07-03 21:40:47,021 [INFO]    000665 | 基于日期: 2025-07-03 | 入场: ¥5.13 | 离场: ¥5.75 | 止损: ¥4.87 | 预期收益: +12.1% | 风险: 5.1% | 收益风险比: 2.4
2025-07-03 21:40:47,022 [INFO]    603056 | 基于日期: 2025-07-03 | 入场: ¥15.92 | 离场: ¥17.83 | 止损: ¥15.4 | 预期收益: +12.0% | 风险: 3.3% | 收益风险比: 3.7
2025-07-03 21:40:47,023 [INFO]    002675 | 基于日期: 2025-07-03 | 入场: ¥14.63 | 离场: ¥16.09 | 止损: ¥13.91 | 预期收益: +10.0% | 风险: 4.9% | 收益风险比: 2.0
2025-07-03 21:40:47,024 [INFO]    002122 | 基于日期: 2025-07-03 | 入场: ¥4.15 | 离场: ¥4.65 | 止损: ¥3.94 | 预期收益: +12.0% | 风险: 5.1% | 收益风险比: 2.4
2025-07-03 21:40:47,024 [INFO]    002241 | 基于日期: 2025-07-03 | 入场: ¥23.7 | 离场: ¥26.07 | 止损: ¥22.63 | 预期收益: +10.0% | 风险: 4.5% | 收益风险比: 2.2
2025-07-03 21:40:47,025 [INFO]    600037 | 基于日期: 2025-07-03 | 入场: ¥7.6 | 离场: ¥8.51 | 止损: ¥7.35 | 预期收益: +12.0% | 风险: 3.3% | 收益风险比: 3.6
2025-07-03 21:40:47,026 [INFO]    600223 | 基于日期: 2025-07-03 | 入场: ¥8.23 | 离场: ¥9.22 | 止损: ¥7.82 | 预期收益: +12.0% | 风险: 5.0% | 收益风险比: 2.4
2025-07-03 21:40:47,027 [INFO]    600380 | 基于日期: 2025-07-03 | 入场: ¥11.15 | 离场: ¥12.26 | 止损: ¥10.84 | 预期收益: +10.0% | 风险: 2.8% | 收益风险比: 3.6
2025-07-03 21:40:47,028 [INFO]    600418 | 基于日期: 2025-07-03 | 入场: ¥40.44 | 离场: ¥44.91 | 止损: ¥38.42 | 预期收益: +11.1% | 风险: 5.0% | 收益风险比: 2.2
2025-07-03 21:40:47,028 [INFO]    002134 | 基于日期: 2025-07-03 | 入场: ¥21.77 | 离场: ¥24.38 | 止损: ¥20.87 | 预期收益: +12.0% | 风险: 4.1% | 收益风险比: 2.9
2025-07-03 21:40:47,029 [INFO]    002468 | 基于日期: 2025-07-03 | 入场: ¥11.1 | 离场: ¥12.21 | 止损: ¥10.71 | 预期收益: +10.0% | 风险: 3.5% | 收益风险比: 2.8
2025-07-03 21:40:47,030 [INFO]    603699 | 基于日期: 2025-07-03 | 入场: ¥30.8 | 离场: ¥34.5 | 止损: ¥29.33 | 预期收益: +12.0% | 风险: 4.8% | 收益风险比: 2.5
2025-07-03 21:40:47,031 [INFO]    000917 | 基于日期: 2025-07-03 | 入场: ¥7.5 | 离场: ¥8.28 | 止损: ¥7.12 | 预期收益: +10.4% | 风险: 5.1% | 收益风险比: 2.1
2025-07-03 21:40:47,031 [INFO]    600557 | 基于日期: 2025-07-03 | 入场: ¥15.85 | 离场: ¥17.5 | 止损: ¥15.06 | 预期收益: +10.4% | 风险: 5.0% | 收益风险比: 2.1
2025-07-03 21:40:47,032 [INFO]    002292 | 基于日期: 2025-07-03 | 入场: ¥9.62 | 离场: ¥10.77 | 止损: ¥9.14 | 预期收益: +12.0% | 风险: 5.0% | 收益风险比: 2.4
2025-07-03 21:40:47,033 [INFO]    000795 | 基于日期: 2025-07-03 | 入场: ¥10.65 | 离场: ¥11.93 | 止损: ¥10.12 | 预期收益: +12.0% | 风险: 5.0% | 收益风险比: 2.4
2025-07-03 21:40:47,033 [INFO]    000409 | 基于日期: 2025-07-03 | 入场: ¥11.3 | 离场: ¥12.66 | 止损: ¥10.74 | 预期收益: +12.0% | 风险: 5.0% | 收益风险比: 2.4
2025-07-03 21:40:47,034 [INFO]    002020 | 基于日期: 2025-07-03 | 入场: ¥13.57 | 离场: ¥14.93 | 止损: ¥13.1 | 预期收益: +10.0% | 风险: 3.5% | 收益风险比: 2.9
2025-07-03 21:40:47,035 [INFO]    000970 | 基于日期: 2025-07-03 | 入场: ¥11.63 | 离场: ¥12.96 | 止损: ¥11.05 | 预期收益: +11.4% | 风险: 5.0% | 收益风险比: 2.3
2025-07-03 21:40:47,036 [INFO]    600645 | 基于日期: 2025-07-03 | 入场: ¥23.52 | 离场: ¥25.88 | 止损: ¥22.34 | 预期收益: +10.0% | 风险: 5.0% | 收益风险比: 2.0
2025-07-03 21:40:47,036 [INFO]    605507 | 基于日期: 2025-07-03 | 入场: ¥20.26 | 离场: ¥22.29 | 止损: ¥19.71 | 预期收益: +10.0% | 风险: 2.7% | 收益风险比: 3.7
2025-07-03 21:40:47,037 [INFO]    002543 | 基于日期: 2025-07-03 | 入场: ¥11.32 | 离场: ¥12.45 | 止损: ¥10.86 | 预期收益: +10.0% | 风险: 4.1% | 收益风险比: 2.5
2025-07-03 21:40:47,038 [INFO]    000989 | 基于日期: 2025-07-03 | 入场: ¥9.96 | 离场: ¥10.96 | 止损: ¥9.48 | 预期收益: +10.0% | 风险: 4.8% | 收益风险比: 2.1
2025-07-03 21:40:47,038 [INFO]    600708 | 基于日期: 2025-07-03 | 入场: ¥3.39 | 离场: ¥3.8 | 止损: ¥3.26 | 预期收益: +12.1% | 风险: 3.8% | 收益风险比: 3.2
2025-07-03 21:40:47,039 [INFO]    002422 | 基于日期: 2025-07-03 | 入场: ¥37.16 | 离场: ¥40.88 | 止损: ¥35.3 | 预期收益: +10.0% | 风险: 5.0% | 收益风险比: 2.0
2025-07-03 21:40:47,040 [INFO]    600535 | 基于日期: 2025-07-03 | 入场: ¥15.76 | 离场: ¥17.34 | 止损: ¥15.38 | 预期收益: +10.0% | 风险: 2.4% | 收益风险比: 4.2
2025-07-03 21:40:49,576 [INFO] 未指定 --date，使用最近日期 2025-07-03
2025-07-03 21:40:52,982 [INFO] 
2025-07-03 21:40:52,982 [INFO] ============== 选股结果 [少妇战法_优化版] ==============
2025-07-03 21:40:52,982 [INFO] 交易日: 2025-07-03
2025-07-03 21:40:52,982 [INFO] 符合条件股票数: 1
2025-07-03 21:40:52,982 [INFO] 📋 详细交易建议:
2025-07-03 21:40:52,983 [INFO]    600039 | 基于日期: 2025-07-03 | 入场: ¥9.4 | 离场: ¥10.34 | 止损: ¥9.08 | 预期收益: +10.0% | 风险: 3.4% | 收益风险比: 2.9
2025-07-03 21:40:57,913 [INFO] 
2025-07-03 21:40:57,913 [INFO] ============== 选股结果 [补票战法_优化版] ==============
2025-07-03 21:40:57,913 [INFO] 交易日: 2025-07-03
2025-07-03 21:40:57,913 [INFO] 符合条件股票数: 2
2025-07-03 21:40:57,913 [INFO] 📋 详细交易建议:
2025-07-03 21:40:57,914 [INFO]    600114 | 基于日期: 2025-07-03 | 入场: ¥20.84 | 离场: ¥22.92 | 止损: ¥19.86 | 预期收益: +10.0% | 风险: 4.7% | 收益风险比: 2.1
2025-07-03 21:40:57,915 [INFO]    002475 | 基于日期: 2025-07-03 | 入场: ¥35.77 | 离场: ¥39.35 | 止损: ¥34.49 | 预期收益: +10.0% | 风险: 3.6% | 收益风险比: 2.8
2025-07-03 21:40:59,507 [INFO] 
2025-07-03 21:40:59,507 [INFO] ============== 选股结果 [TePu战法_优化版] ==============
2025-07-03 21:40:59,507 [INFO] 交易日: 2025-07-03
2025-07-03 21:40:59,507 [INFO] 符合条件股票数: 1
2025-07-03 21:40:59,507 [INFO] 📋 详细交易建议:
2025-07-03 21:40:59,508 [INFO]    601975 | 基于日期: 2025-07-03 | 入场: ¥2.89 | 离场: ¥3.24 | 止损: ¥2.75 | 预期收益: +12.1% | 风险: 4.8% | 收益风险比: 2.5
2025-07-03 21:41:02,890 [INFO] 
2025-07-03 21:41:02,890 [INFO] ============== 选股结果 [补票战法_保守版] ==============
2025-07-03 21:41:02,890 [INFO] 交易日: 2025-07-03
2025-07-03 21:41:02,890 [INFO] 符合条件股票数: 0
2025-07-03 21:41:02,890 [INFO] 无符合条件股票
2025-07-03 21:41:41,695 [INFO] 
2025-07-03 21:41:41,695 [INFO] ============== 选股结果 [综合评分策略] ==============
2025-07-03 21:41:41,695 [INFO] 交易日: 2025-06-26
2025-07-03 21:41:41,695 [INFO] 符合条件股票数: 8
2025-07-03 21:41:41,695 [INFO] 📋 详细交易建议:
2025-07-03 21:41:41,696 [INFO]    000983 | 基于日期: 2025-06-26 | 入场: ¥6.29 | 离场: ¥6.92 | 止损: ¥6.07 | 预期收益: +10.0% | 风险: 3.5% | 收益风险比: 2.9
2025-07-03 21:41:41,697 [INFO]    002892 | 基于日期: 2025-06-26 | 入场: ¥13.67 | 离场: ¥15.31 | 止损: ¥13.33 | 预期收益: +12.0% | 风险: 2.5% | 收益风险比: 4.8
2025-07-03 21:41:41,698 [INFO]    600989 | 基于日期: 2025-06-26 | 入场: ¥16.02 | 离场: ¥17.62 | 止损: ¥15.48 | 预期收益: +10.0% | 风险: 3.4% | 收益风险比: 3.0
2025-07-03 21:41:41,699 [INFO]    600557 | 基于日期: 2025-06-26 | 入场: ¥14.47 | 离场: ¥16.21 | 止损: ¥13.75 | 预期收益: +12.0% | 风险: 5.0% | 收益风险比: 2.4
2025-07-03 21:41:41,699 [INFO]    600486 | 基于日期: 2025-06-26 | 入场: ¥57.08 | 离场: ¥62.79 | 止损: ¥54.23 | 预期收益: +10.0% | 风险: 5.0% | 收益风险比: 2.0
2025-07-03 21:41:41,700 [INFO]    600903 | 基于日期: 2025-06-26 | 入场: ¥6.92 | 离场: ¥7.61 | 止损: ¥6.71 | 预期收益: +10.0% | 风险: 3.0% | 收益风险比: 3.3
2025-07-03 21:41:41,701 [INFO]    000026 | 基于日期: 2025-06-26 | 入场: ¥13.07 | 离场: ¥14.64 | 止损: ¥12.42 | 预期收益: +12.0% | 风险: 5.0% | 收益风险比: 2.4
2025-07-03 21:41:41,702 [INFO]    000962 | 基于日期: 2025-06-26 | 入场: ¥16.05 | 离场: ¥17.98 | 止损: ¥15.25 | 预期收益: +12.0% | 风险: 5.0% | 收益风险比: 2.4
2025-07-03 21:42:02,764 [INFO] 
2025-07-03 21:42:02,764 [INFO] ============== 选股结果 [综合评分策略] ==============
2025-07-03 21:42:02,764 [INFO] 交易日: 2025-07-02
2025-07-03 21:42:02,764 [INFO] 符合条件股票数: 18
2025-07-03 21:42:02,764 [INFO] 📋 详细交易建议:
2025-07-03 21:42:02,765 [INFO]    002955 | 基于日期: 2025-07-02 | 入场: ¥24.8 | 离场: ¥27.78 | 止损: ¥23.56 | 预期收益: +12.0% | 风险: 5.0% | 收益风险比: 2.4
2025-07-03 21:42:02,766 [INFO]    600129 | 基于日期: 2025-07-02 | 入场: ¥21.38 | 离场: ¥23.52 | 止损: ¥20.68 | 预期收益: +10.0% | 风险: 3.3% | 收益风险比: 3.1
2025-07-03 21:42:02,766 [INFO]    002605 | 基于日期: 2025-07-02 | 入场: ¥27.48 | 离场: ¥30.78 | 止损: ¥26.11 | 预期收益: +12.0% | 风险: 5.0% | 收益风险比: 2.4
2025-07-03 21:42:02,767 [INFO]    603609 | 基于日期: 2025-07-02 | 入场: ¥8.6 | 离场: ¥9.46 | 止损: ¥8.37 | 预期收益: +10.0% | 风险: 2.7% | 收益风险比: 3.7
2025-07-03 21:42:02,768 [INFO]    605296 | 基于日期: 2025-07-02 | 入场: ¥31.59 | 离场: ¥34.78 | 止损: ¥30.01 | 预期收益: +10.1% | 风险: 5.0% | 收益风险比: 2.0
2025-07-03 21:42:02,769 [INFO]    002603 | 基于日期: 2025-07-02 | 入场: ¥14.18 | 离场: ¥15.6 | 止损: ¥13.83 | 预期收益: +10.0% | 风险: 2.5% | 收益风险比: 4.1
2025-07-03 21:42:02,769 [INFO]    002100 | 基于日期: 2025-07-02 | 入场: ¥6.26 | 离场: ¥6.89 | 止损: ¥6.13 | 预期收益: +10.1% | 风险: 2.1% | 收益风险比: 4.8
2025-07-03 21:42:02,770 [INFO]    002511 | 基于日期: 2025-07-02 | 入场: ¥6.89 | 离场: ¥7.58 | 止损: ¥6.7 | 预期收益: +10.0% | 风险: 2.8% | 收益风险比: 3.6
2025-07-03 21:42:02,771 [INFO]    003035 | 基于日期: 2025-07-02 | 入场: ¥4.64 | 离场: ¥5.2 | 止损: ¥4.47 | 预期收益: +12.1% | 风险: 3.7% | 收益风险比: 3.3
2025-07-03 21:42:02,772 [INFO]    601086 | 基于日期: 2025-07-02 | 入场: ¥12.42 | 离场: ¥13.91 | 止损: ¥11.8 | 预期收益: +12.0% | 风险: 5.0% | 收益风险比: 2.4
2025-07-03 21:42:02,772 [INFO]    002892 | 基于日期: 2025-07-02 | 入场: ¥13.6 | 离场: ¥15.23 | 止损: ¥13.23 | 预期收益: +12.0% | 风险: 2.7% | 收益风险比: 4.4
2025-07-03 21:42:02,773 [INFO]    002714 | 基于日期: 2025-07-02 | 入场: ¥42.57 | 离场: ¥46.83 | 止损: ¥41.12 | 预期收益: +10.0% | 风险: 3.4% | 收益风险比: 2.9
2025-07-03 21:42:02,774 [INFO]    002488 | 基于日期: 2025-07-02 | 入场: ¥13.89 | 离场: ¥15.28 | 止损: ¥13.33 | 预期收益: +10.0% | 风险: 4.0% | 收益风险比: 2.5
2025-07-03 21:42:02,775 [INFO]    603477 | 基于日期: 2025-07-02 | 入场: ¥21.33 | 离场: ¥23.59 | 止损: ¥20.26 | 预期收益: +10.6% | 风险: 5.0% | 收益风险比: 2.1
2025-07-03 21:42:02,775 [INFO]    002645 | 基于日期: 2025-07-02 | 入场: ¥9.15 | 离场: ¥10.25 | 止损: ¥8.69 | 预期收益: +12.0% | 风险: 5.0% | 收益风险比: 2.4
2025-07-03 21:42:02,776 [INFO]    000521 | 基于日期: 2025-07-02 | 入场: ¥7.21 | 离场: ¥7.93 | 止损: ¥7.02 | 预期收益: +10.0% | 风险: 2.6% | 收益风险比: 3.8
2025-07-03 21:42:02,777 [INFO]    600975 | 基于日期: 2025-07-02 | 入场: ¥6.18 | 离场: ¥6.8 | 止损: ¥6.04 | 预期收益: +10.0% | 风险: 2.3% | 收益风险比: 4.4
2025-07-03 21:42:02,778 [INFO]    603367 | 基于日期: 2025-07-02 | 入场: ¥14.72 | 离场: ¥16.19 | 止损: ¥13.98 | 预期收益: +10.0% | 风险: 5.0% | 收益风险比: 2.0
2025-07-03 21:44:08,745 [INFO] 
2025-07-03 21:44:08,745 [INFO] ============== 选股结果 [综合评分策略] ==============
2025-07-03 21:44:08,745 [INFO] 交易日: 2025-07-02
2025-07-03 21:44:08,745 [INFO] 符合条件股票数: 18
2025-07-03 21:44:08,745 [INFO] 📋 详细交易建议:
2025-07-03 21:44:08,746 [INFO]    002955 | 基于日期: 2025-07-02 | 入场: ¥24.8 | 离场: ¥27.78 | 止损: ¥23.56 | 预期收益: +12.0% | 风险: 5.0% | 收益风险比: 2.4
2025-07-03 21:44:08,747 [INFO]    600129 | 基于日期: 2025-07-02 | 入场: ¥21.38 | 离场: ¥23.52 | 止损: ¥20.68 | 预期收益: +10.0% | 风险: 3.3% | 收益风险比: 3.1
2025-07-03 21:44:08,748 [INFO]    002605 | 基于日期: 2025-07-02 | 入场: ¥27.48 | 离场: ¥30.78 | 止损: ¥26.11 | 预期收益: +12.0% | 风险: 5.0% | 收益风险比: 2.4
2025-07-03 21:44:08,748 [INFO]    603609 | 基于日期: 2025-07-02 | 入场: ¥8.6 | 离场: ¥9.46 | 止损: ¥8.37 | 预期收益: +10.0% | 风险: 2.7% | 收益风险比: 3.7
2025-07-03 21:44:08,749 [INFO]    605296 | 基于日期: 2025-07-02 | 入场: ¥31.59 | 离场: ¥34.78 | 止损: ¥30.01 | 预期收益: +10.1% | 风险: 5.0% | 收益风险比: 2.0
2025-07-03 21:44:08,750 [INFO]    002603 | 基于日期: 2025-07-02 | 入场: ¥14.18 | 离场: ¥15.6 | 止损: ¥13.83 | 预期收益: +10.0% | 风险: 2.5% | 收益风险比: 4.1
2025-07-03 21:44:08,751 [INFO]    002100 | 基于日期: 2025-07-02 | 入场: ¥6.26 | 离场: ¥6.89 | 止损: ¥6.13 | 预期收益: +10.1% | 风险: 2.1% | 收益风险比: 4.8
2025-07-03 21:44:08,752 [INFO]    002511 | 基于日期: 2025-07-02 | 入场: ¥6.89 | 离场: ¥7.58 | 止损: ¥6.7 | 预期收益: +10.0% | 风险: 2.8% | 收益风险比: 3.6
2025-07-03 21:44:08,752 [INFO]    003035 | 基于日期: 2025-07-02 | 入场: ¥4.64 | 离场: ¥5.2 | 止损: ¥4.47 | 预期收益: +12.1% | 风险: 3.7% | 收益风险比: 3.3
2025-07-03 21:44:08,753 [INFO]    601086 | 基于日期: 2025-07-02 | 入场: ¥12.42 | 离场: ¥13.91 | 止损: ¥11.8 | 预期收益: +12.0% | 风险: 5.0% | 收益风险比: 2.4
2025-07-03 21:44:08,754 [INFO]    002892 | 基于日期: 2025-07-02 | 入场: ¥13.6 | 离场: ¥15.23 | 止损: ¥13.23 | 预期收益: +12.0% | 风险: 2.7% | 收益风险比: 4.4
2025-07-03 21:44:08,755 [INFO]    002714 | 基于日期: 2025-07-02 | 入场: ¥42.57 | 离场: ¥46.83 | 止损: ¥41.12 | 预期收益: +10.0% | 风险: 3.4% | 收益风险比: 2.9
2025-07-03 21:44:08,756 [INFO]    002488 | 基于日期: 2025-07-02 | 入场: ¥13.89 | 离场: ¥15.28 | 止损: ¥13.33 | 预期收益: +10.0% | 风险: 4.0% | 收益风险比: 2.5
2025-07-03 21:44:08,756 [INFO]    603477 | 基于日期: 2025-07-02 | 入场: ¥21.33 | 离场: ¥23.59 | 止损: ¥20.26 | 预期收益: +10.6% | 风险: 5.0% | 收益风险比: 2.1
2025-07-03 21:44:08,757 [INFO]    002645 | 基于日期: 2025-07-02 | 入场: ¥9.15 | 离场: ¥10.25 | 止损: ¥8.69 | 预期收益: +12.0% | 风险: 5.0% | 收益风险比: 2.4
2025-07-03 21:44:08,758 [INFO]    000521 | 基于日期: 2025-07-02 | 入场: ¥7.21 | 离场: ¥7.93 | 止损: ¥7.02 | 预期收益: +10.0% | 风险: 2.6% | 收益风险比: 3.8
2025-07-03 21:44:08,759 [INFO]    600975 | 基于日期: 2025-07-02 | 入场: ¥6.18 | 离场: ¥6.8 | 止损: ¥6.04 | 预期收益: +10.0% | 风险: 2.3% | 收益风险比: 4.4
2025-07-03 21:44:08,760 [INFO]    603367 | 基于日期: 2025-07-02 | 入场: ¥14.72 | 离场: ¥16.19 | 止损: ¥13.98 | 预期收益: +10.0% | 风险: 5.0% | 收益风险比: 2.0
2025-07-03 21:50:05,685 [INFO] 
2025-07-03 21:50:05,685 [INFO] ============== 选股结果 [综合评分策略] ==============
2025-07-03 21:50:05,685 [INFO] 交易日: 2025-07-03
2025-07-03 21:50:05,685 [INFO] 符合条件股票数: 40
2025-07-03 21:50:05,685 [INFO] 📋 详细交易建议:
2025-07-03 21:50:05,686 [INFO]    002612 | 基于日期: 2025-07-03 | 入场: ¥17.55 | 离场: ¥19.31 | 止损: ¥16.79 | 预期收益: +10.0% | 风险: 4.3% | 收益风险比: 2.3
2025-07-03 21:50:05,687 [INFO]    600276 | 基于日期: 2025-07-03 | 入场: ¥52.47 | 离场: ¥57.72 | 止损: ¥50.54 | 预期收益: +10.0% | 风险: 3.7% | 收益风险比: 2.7
2025-07-03 21:50:05,688 [INFO]    601579 | 基于日期: 2025-07-03 | 入场: ¥19.7 | 离场: ¥22.06 | 止损: ¥18.91 | 预期收益: +12.0% | 风险: 4.0% | 收益风险比: 3.0
2025-07-03 21:50:05,688 [INFO]    002349 | 基于日期: 2025-07-03 | 入场: ¥7.35 | 离场: ¥8.19 | 止损: ¥7.1 | 预期收益: +11.4% | 风险: 3.4% | 收益风险比: 3.4
2025-07-03 21:50:05,689 [INFO]    600658 | 基于日期: 2025-07-03 | 入场: ¥4.6 | 离场: ¥5.07 | 止损: ¥4.37 | 预期收益: +10.2% | 风险: 5.0% | 收益风险比: 2.0
2025-07-03 21:50:05,690 [INFO]    600529 | 基于日期: 2025-07-03 | 入场: ¥22.02 | 离场: ¥24.22 | 止损: ¥21.5 | 预期收益: +10.0% | 风险: 2.4% | 收益风险比: 4.2
2025-07-03 21:50:05,691 [INFO]    000029 | 基于日期: 2025-07-03 | 入场: ¥18.64 | 离场: ¥20.88 | 止损: ¥17.76 | 预期收益: +12.0% | 风险: 4.7% | 收益风险比: 2.5
2025-07-03 21:50:05,692 [INFO]    603697 | 基于日期: 2025-07-03 | 入场: ¥13.83 | 离场: ¥15.49 | 止损: ¥13.14 | 预期收益: +12.0% | 风险: 5.0% | 收益风险比: 2.4
2025-07-03 21:50:05,692 [INFO]    002275 | 基于日期: 2025-07-03 | 入场: ¥14.52 | 离场: ¥15.97 | 止损: ¥14.11 | 预期收益: +10.0% | 风险: 2.8% | 收益风险比: 3.5
2025-07-03 21:50:05,693 [INFO]    600189 | 基于日期: 2025-07-03 | 入场: ¥7.28 | 离场: ¥8.01 | 止损: ¥7.07 | 预期收益: +10.0% | 风险: 2.9% | 收益风险比: 3.5
2025-07-03 21:50:05,694 [INFO]    000661 | 基于日期: 2025-07-03 | 入场: ¥108.69 | 离场: ¥119.56 | 止损: ¥103.26 | 预期收益: +10.0% | 风险: 5.0% | 收益风险比: 2.0
2025-07-03 21:50:05,695 [INFO]    600572 | 基于日期: 2025-07-03 | 入场: ¥4.46 | 离场: ¥4.91 | 止损: ¥4.35 | 预期收益: +10.1% | 风险: 2.5% | 收益风险比: 4.1
2025-07-03 21:50:05,695 [INFO]    002892 | 基于日期: 2025-07-03 | 入场: ¥13.66 | 离场: ¥15.3 | 止损: ¥13.22 | 预期收益: +12.0% | 风险: 3.2% | 收益风险比: 3.7
2025-07-03 21:50:05,696 [INFO]    000739 | 基于日期: 2025-07-03 | 入场: ¥14.39 | 离场: ¥15.83 | 止损: ¥13.94 | 预期收益: +10.0% | 风险: 3.1% | 收益风险比: 3.2
2025-07-03 21:50:05,697 [INFO]    000665 | 基于日期: 2025-07-03 | 入场: ¥5.13 | 离场: ¥5.75 | 止损: ¥4.87 | 预期收益: +12.1% | 风险: 5.1% | 收益风险比: 2.4
2025-07-03 21:50:05,698 [INFO]    603056 | 基于日期: 2025-07-03 | 入场: ¥15.92 | 离场: ¥17.83 | 止损: ¥15.4 | 预期收益: +12.0% | 风险: 3.3% | 收益风险比: 3.7
2025-07-03 21:50:05,699 [INFO]    002675 | 基于日期: 2025-07-03 | 入场: ¥14.63 | 离场: ¥16.09 | 止损: ¥13.91 | 预期收益: +10.0% | 风险: 4.9% | 收益风险比: 2.0
2025-07-03 21:50:05,700 [INFO]    002122 | 基于日期: 2025-07-03 | 入场: ¥4.15 | 离场: ¥4.65 | 止损: ¥3.94 | 预期收益: +12.0% | 风险: 5.1% | 收益风险比: 2.4
2025-07-03 21:50:05,701 [INFO]    002241 | 基于日期: 2025-07-03 | 入场: ¥23.7 | 离场: ¥26.07 | 止损: ¥22.63 | 预期收益: +10.0% | 风险: 4.5% | 收益风险比: 2.2
2025-07-03 21:50:05,701 [INFO]    600037 | 基于日期: 2025-07-03 | 入场: ¥7.6 | 离场: ¥8.51 | 止损: ¥7.35 | 预期收益: +12.0% | 风险: 3.3% | 收益风险比: 3.6
2025-07-03 21:50:05,702 [INFO]    600223 | 基于日期: 2025-07-03 | 入场: ¥8.23 | 离场: ¥9.22 | 止损: ¥7.82 | 预期收益: +12.0% | 风险: 5.0% | 收益风险比: 2.4
2025-07-03 21:50:05,703 [INFO]    600380 | 基于日期: 2025-07-03 | 入场: ¥11.15 | 离场: ¥12.26 | 止损: ¥10.84 | 预期收益: +10.0% | 风险: 2.8% | 收益风险比: 3.6
2025-07-03 21:50:05,703 [INFO]    600418 | 基于日期: 2025-07-03 | 入场: ¥40.44 | 离场: ¥44.91 | 止损: ¥38.42 | 预期收益: +11.1% | 风险: 5.0% | 收益风险比: 2.2
2025-07-03 21:50:05,704 [INFO]    002134 | 基于日期: 2025-07-03 | 入场: ¥21.77 | 离场: ¥24.38 | 止损: ¥20.87 | 预期收益: +12.0% | 风险: 4.1% | 收益风险比: 2.9
2025-07-03 21:50:05,705 [INFO]    002468 | 基于日期: 2025-07-03 | 入场: ¥11.1 | 离场: ¥12.21 | 止损: ¥10.71 | 预期收益: +10.0% | 风险: 3.5% | 收益风险比: 2.8
2025-07-03 21:50:05,705 [INFO]    603699 | 基于日期: 2025-07-03 | 入场: ¥30.8 | 离场: ¥34.5 | 止损: ¥29.33 | 预期收益: +12.0% | 风险: 4.8% | 收益风险比: 2.5
2025-07-03 21:50:05,706 [INFO]    000917 | 基于日期: 2025-07-03 | 入场: ¥7.5 | 离场: ¥8.28 | 止损: ¥7.12 | 预期收益: +10.4% | 风险: 5.1% | 收益风险比: 2.1
2025-07-03 21:50:05,707 [INFO]    600557 | 基于日期: 2025-07-03 | 入场: ¥15.85 | 离场: ¥17.5 | 止损: ¥15.06 | 预期收益: +10.4% | 风险: 5.0% | 收益风险比: 2.1
2025-07-03 21:50:05,707 [INFO]    002292 | 基于日期: 2025-07-03 | 入场: ¥9.62 | 离场: ¥10.77 | 止损: ¥9.14 | 预期收益: +12.0% | 风险: 5.0% | 收益风险比: 2.4
2025-07-03 21:50:05,708 [INFO]    000795 | 基于日期: 2025-07-03 | 入场: ¥10.65 | 离场: ¥11.93 | 止损: ¥10.12 | 预期收益: +12.0% | 风险: 5.0% | 收益风险比: 2.4
2025-07-03 21:50:05,709 [INFO]    000409 | 基于日期: 2025-07-03 | 入场: ¥11.3 | 离场: ¥12.66 | 止损: ¥10.74 | 预期收益: +12.0% | 风险: 5.0% | 收益风险比: 2.4
2025-07-03 21:50:05,710 [INFO]    002020 | 基于日期: 2025-07-03 | 入场: ¥13.57 | 离场: ¥14.93 | 止损: ¥13.1 | 预期收益: +10.0% | 风险: 3.5% | 收益风险比: 2.9
2025-07-03 21:50:05,711 [INFO]    000970 | 基于日期: 2025-07-03 | 入场: ¥11.63 | 离场: ¥12.96 | 止损: ¥11.05 | 预期收益: +11.4% | 风险: 5.0% | 收益风险比: 2.3
2025-07-03 21:50:05,712 [INFO]    600645 | 基于日期: 2025-07-03 | 入场: ¥23.52 | 离场: ¥25.88 | 止损: ¥22.34 | 预期收益: +10.0% | 风险: 5.0% | 收益风险比: 2.0
2025-07-03 21:50:05,712 [INFO]    605507 | 基于日期: 2025-07-03 | 入场: ¥20.26 | 离场: ¥22.29 | 止损: ¥19.71 | 预期收益: +10.0% | 风险: 2.7% | 收益风险比: 3.7
2025-07-03 21:50:05,713 [INFO]    002543 | 基于日期: 2025-07-03 | 入场: ¥11.32 | 离场: ¥12.45 | 止损: ¥10.86 | 预期收益: +10.0% | 风险: 4.1% | 收益风险比: 2.5
2025-07-03 21:50:05,714 [INFO]    000989 | 基于日期: 2025-07-03 | 入场: ¥9.96 | 离场: ¥10.96 | 止损: ¥9.48 | 预期收益: +10.0% | 风险: 4.8% | 收益风险比: 2.1
2025-07-03 21:50:05,715 [INFO]    600708 | 基于日期: 2025-07-03 | 入场: ¥3.39 | 离场: ¥3.8 | 止损: ¥3.26 | 预期收益: +12.1% | 风险: 3.8% | 收益风险比: 3.2
2025-07-03 21:50:05,716 [INFO]    002422 | 基于日期: 2025-07-03 | 入场: ¥37.16 | 离场: ¥40.88 | 止损: ¥35.3 | 预期收益: +10.0% | 风险: 5.0% | 收益风险比: 2.0
2025-07-03 21:50:05,716 [INFO]    600535 | 基于日期: 2025-07-03 | 入场: ¥15.76 | 离场: ¥17.34 | 止损: ¥15.38 | 预期收益: +10.0% | 风险: 2.4% | 收益风险比: 4.2
2025-07-03 21:50:36,013 [INFO] 
2025-07-03 21:50:36,013 [INFO] ============== 选股结果 [综合评分策略] ==============
2025-07-03 21:50:36,013 [INFO] 交易日: 2025-07-03
2025-07-03 21:50:36,013 [INFO] 符合条件股票数: 0
2025-07-03 21:50:36,013 [INFO] 无符合条件股票
